This is pdfTeX, Version 3.14159265-2.6-1.40.15 (TeX Live 2014) (preloaded format=pdflatex 2015.6.11)  25 NOV 2018 17:12
entering extended mode
 restricted \write18 enabled.
 %&-line parsing enabled.
**polymers
(./polymers.tex
LaTeX2e <2014/05/01>
Babel <3.9k> and hyphenation patterns for 78 languages loaded.
(./entcs.cls
Document Class: entcs 2003/9/14, 2e-1.15: Electronic Notes in Theoretical Compu
ter Science
(/usr/local/texlive/2014/texmf-dist/tex/latex/base/newlfont.sty
Package: newlfont 1998/08/17 v2.2m Standard LaTeX package
LaTeX Info: Redefining \em on input line 67.

(/usr/local/texlive/2014/texmf-dist/tex/latex/base/latexsym.sty
Package: latexsym 1998/08/17 v2.2e Standard LaTeX package (lasy symbols)
\symlasy=\mathgroup4
LaTeX Font Info:    Overwriting symbol font `lasy' in version `bold'
(Font)                  U/lasy/m/n --> U/lasy/b/n on input line 47.
))
(/usr/local/texlive/2014/texmf-dist/tex/latex/amsfonts/amssymb.sty
Package: amssymb 2013/01/14 v3.01 AMS font symbols

(/usr/local/texlive/2014/texmf-dist/tex/latex/amsfonts/amsfonts.sty
Package: amsfonts 2013/01/14 v3.01 Basic AMSFonts support
\@emptytoks=\toks14
\symAMSa=\mathgroup5
\symAMSb=\mathgroup6
LaTeX Font Info:    Overwriting math alphabet `\mathfrak' in version `bold'
(Font)                  U/euf/m/n --> U/euf/b/n on input line 106.
))
(/usr/local/texlive/2014/texmf-dist/tex/generic/oberdiek/ifpdf.sty
Package: ifpdf 2011/01/30 v2.3 Provides the ifpdf switch (HO)
Package ifpdf Info: pdfTeX in PDF mode is detected.
)
(/usr/local/texlive/2014/texmf-dist/tex/latex/hyperref/hyperref.sty
Package: hyperref 2012/11/06 v6.83m Hypertext links for LaTeX

(/usr/local/texlive/2014/texmf-dist/tex/generic/oberdiek/hobsub-hyperref.sty
Package: hobsub-hyperref 2012/05/28 v1.13 Bundle oberdiek, subset hyperref (HO)


(/usr/local/texlive/2014/texmf-dist/tex/generic/oberdiek/hobsub-generic.sty
Package: hobsub-generic 2012/05/28 v1.13 Bundle oberdiek, subset generic (HO)
Package: hobsub 2012/05/28 v1.13 Construct package bundles (HO)
Package: infwarerr 2010/04/08 v1.3 Providing info/warning/error messages (HO)
Package: ltxcmds 2011/11/09 v1.22 LaTeX kernel commands for general use (HO)
Package: ifluatex 2010/03/01 v1.3 Provides the ifluatex switch (HO)
Package ifluatex Info: LuaTeX not detected.
Package: ifvtex 2010/03/01 v1.5 Detect VTeX and its facilities (HO)
Package ifvtex Info: VTeX not detected.
Package: intcalc 2007/09/27 v1.1 Expandable calculations with integers (HO)
Package hobsub Info: Skipping package `ifpdf' (already loaded).
Package: etexcmds 2011/02/16 v1.5 Avoid name clashes with e-TeX commands (HO)
Package etexcmds Info: Could not find \expanded.
(etexcmds)             That can mean that you are not using pdfTeX 1.50 or
(etexcmds)             that some package has redefined \expanded.
(etexcmds)             In the latter case, load this package earlier.
Package: kvsetkeys 2012/04/25 v1.16 Key value parser (HO)
Package: kvdefinekeys 2011/04/07 v1.3 Define keys (HO)
Package: pdftexcmds 2011/11/29 v0.20 Utility functions of pdfTeX for LuaTeX (HO
)
Package pdftexcmds Info: LuaTeX not detected.
Package pdftexcmds Info: \pdf@primitive is available.
Package pdftexcmds Info: \pdf@ifprimitive is available.
Package pdftexcmds Info: \pdfdraftmode found.
Package: pdfescape 2011/11/25 v1.13 Implements pdfTeX's escape features (HO)
Package: bigintcalc 2012/04/08 v1.3 Expandable calculations on big integers (HO
)
Package: bitset 2011/01/30 v1.1 Handle bit-vector datatype (HO)
Package: uniquecounter 2011/01/30 v1.2 Provide unlimited unique counter (HO)
)
Package hobsub Info: Skipping package `hobsub' (already loaded).
Package: letltxmacro 2010/09/02 v1.4 Let assignment for LaTeX macros (HO)
Package: hopatch 2012/05/28 v1.2 Wrapper for package hooks (HO)
Package: xcolor-patch 2011/01/30 xcolor patch
Package: atveryend 2011/06/30 v1.8 Hooks at the very end of document (HO)
Package atveryend Info: \enddocument detected (standard20110627).
Package: atbegshi 2011/10/05 v1.16 At begin shipout hook (HO)
Package: refcount 2011/10/16 v3.4 Data extraction from label references (HO)
Package: hycolor 2011/01/30 v1.7 Color options for hyperref/bookmark (HO)
)
(/usr/local/texlive/2014/texmf-dist/tex/latex/graphics/keyval.sty
Package: keyval 2014/05/08 v1.15 key=value parser (DPC)
\KV@toks@=\toks15
)
(/usr/local/texlive/2014/texmf-dist/tex/generic/ifxetex/ifxetex.sty
Package: ifxetex 2010/09/12 v0.6 Provides ifxetex conditional
)
(/usr/local/texlive/2014/texmf-dist/tex/latex/oberdiek/auxhook.sty
Package: auxhook 2011/03/04 v1.3 Hooks for auxiliary files (HO)
)
(/usr/local/texlive/2014/texmf-dist/tex/latex/oberdiek/kvoptions.sty
Package: kvoptions 2011/06/30 v3.11 Key value format for package options (HO)
)
\@linkdim=\dimen102
\Hy@linkcounter=\count79
\Hy@pagecounter=\count80

(/usr/local/texlive/2014/texmf-dist/tex/latex/hyperref/pd1enc.def
File: pd1enc.def 2012/11/06 v6.83m Hyperref: PDFDocEncoding definition (HO)
)
\Hy@SavedSpaceFactor=\count81

(/usr/local/texlive/2014/texmf-dist/tex/latex/latexconfig/hyperref.cfg
File: hyperref.cfg 2002/06/06 v1.2 hyperref configuration of TeXLive
)
Package hyperref Info: Option `raiselinks' set `false' on input line 4319.
Package hyperref Info: Option `colorlinks' set `true' on input line 4319.
Package hyperref Info: Option `bookmarksopen' set `true' on input line 4319.
Package hyperref Info: Hyper figures OFF on input line 4443.
Package hyperref Info: Link nesting OFF on input line 4448.
Package hyperref Info: Hyper index ON on input line 4451.
Package hyperref Info: Plain pages OFF on input line 4458.
Package hyperref Info: Backreferencing OFF on input line 4463.
Package hyperref Info: Implicit mode ON; LaTeX internals redefined.
Package hyperref Info: Bookmarks ON on input line 4688.
\c@Hy@tempcnt=\count82

(/usr/local/texlive/2014/texmf-dist/tex/latex/url/url.sty
\Urlmuskip=\muskip10
Package: url 2013/09/16  ver 3.4  Verb mode for urls, etc.
)
LaTeX Info: Redefining \url on input line 5041.
\XeTeXLinkMargin=\dimen103
\Fld@menulength=\count83
\Field@Width=\dimen104
\Fld@charsize=\dimen105
Package hyperref Info: Hyper figures OFF on input line 6295.
Package hyperref Info: Link nesting OFF on input line 6300.
Package hyperref Info: Hyper index ON on input line 6303.
Package hyperref Info: backreferencing OFF on input line 6310.
Package hyperref Info: Link coloring ON on input line 6313.
Package hyperref Info: Link coloring with OCG OFF on input line 6320.
Package hyperref Info: PDF/A mode OFF on input line 6325.
LaTeX Info: Redefining \ref on input line 6365.
LaTeX Info: Redefining \pageref on input line 6369.


Package hyperref Warning: Option `pdfpagelabels' is turned off
(hyperref)                because \thepage is undefined.

\c@Item=\count84
\c@Hfootnote=\count85
)

Package hyperref Message: Driver: hpdftex.

(/usr/local/texlive/2014/texmf-dist/tex/latex/hyperref/hpdftex.def
File: hpdftex.def 2012/11/06 v6.83m Hyperref driver for pdfTeX
\Fld@listcount=\count86
\c@bookmark@seq@number=\count87

(/usr/local/texlive/2014/texmf-dist/tex/latex/oberdiek/rerunfilecheck.sty
Package: rerunfilecheck 2011/04/15 v1.7 Rerun checks for auxiliary files (HO)
Package uniquecounter Info: New unique counter `rerunfilecheck' on input line 2
82.
)
\Hy@SectionHShift=\skip41
)
(/usr/local/texlive/2014/texmf-dist/tex/latex/base/leqno.clo
File: leqno.clo 1998/08/17 v1.1c Standard LaTeX option (left equation numbers)
)
LaTeX Info: Redefining \rm on input line 76.
LaTeX Info: Redefining \cal on input line 77.
LaTeX Info: Redefining \sf on input line 78.
LaTeX Info: Redefining \tt on input line 79.
LaTeX Info: Redefining \bf on input line 80.
LaTeX Info: Redefining \it on input line 81.
LaTeX Info: Redefining \sl on input line 82.
LaTeX Info: Redefining \sc on input line 83.
\@bls=\dimen106
\eqntopsep=\skip42
\eqnarraycolsep=\dimen107
\labelwidthi=\dimen108
\labelwidthii=\dimen109
\labelwidthiii=\dimen110
\labelwidthiv=\dimen111
\@maxlistdepth=\count88
\eqnbaselineskip=\skip43
\eqnlineskip=\skip44
\mathindent=\dimen112
\c@part=\count89
\c@section=\count90
\c@subsection=\count91
\c@subsubsection=\count92
\c@paragraph=\count93
\c@subparagraph=\count94
\c@thm=\count95
\c@alg=\count96
\c@algorithm=\count97
\c@note=\count98
\c@summ=\count99
\c@case=\count100
\@tempcntc=\count101
\c@figure=\count102
\c@table=\count103
\t@glob@notes=\toks16
\t@loc@notes=\toks17
\note@cnt=\count104
\c@author=\count105
\n@author=\count106
\c@collab=\count107
\n@collab=\count108
\c@address=\count109
\sv@mathsurround=\dimen113
\sv@hyphenpenalty=\count110
\prev@elem=\count111
\cur@elem=\count112
\fm@box=\box26
\fm@size=\dimen114
\t@abstract=\box27
\t@keyword=\box28
\t@xtheight=\dimen115
\@logoheight=\dimen116
\@pubyear=\count113
\@copyear=\count114
\slashbox=\box29
LaTeX Font Info:    Try loading font information for U+lasy on input line 1133.


(/usr/local/texlive/2014/texmf-dist/tex/latex/base/ulasy.fd
File: ulasy.fd 1998/08/17 v2.2e LaTeX symbol font definitions
)
LaTeX Font Info:    Try loading font information for U+msa on input line 1133.

(/usr/local/texlive/2014/texmf-dist/tex/latex/amsfonts/umsa.fd
File: umsa.fd 2013/01/14 v3.01 AMS symbols A
)
LaTeX Font Info:    Try loading font information for U+msb on input line 1133.

(/usr/local/texlive/2014/texmf-dist/tex/latex/amsfonts/umsb.fd
File: umsb.fd 2013/01/14 v3.01 AMS symbols B
)
\Slashbox=\box30
)
(./entcsmacrosasb.sty)
(/usr/local/texlive/2014/texmf-dist/tex/latex/graphics/graphicx.sty
Package: graphicx 2014/04/25 v1.0g Enhanced LaTeX Graphics (DPC,SPQR)

(/usr/local/texlive/2014/texmf-dist/tex/latex/graphics/graphics.sty
Package: graphics 2009/02/05 v1.0o Standard LaTeX Graphics (DPC,SPQR)

(/usr/local/texlive/2014/texmf-dist/tex/latex/graphics/trig.sty
Package: trig 1999/03/16 v1.09 sin cos tan (DPC)
)
(/usr/local/texlive/2014/texmf-dist/tex/latex/latexconfig/graphics.cfg
File: graphics.cfg 2010/04/23 v1.9 graphics configuration of TeX Live
)
Package graphics Info: Driver file: pdftex.def on input line 91.

(/usr/local/texlive/2014/texmf-dist/tex/latex/pdftex-def/pdftex.def
File: pdftex.def 2011/05/27 v0.06d Graphics/color for pdfTeX
\Gread@gobject=\count115
))
\Gin@req@height=\dimen117
\Gin@req@width=\dimen118
)
(/usr/local/texlive/2014/texmf-dist/tex/latex/amsmath/amsmath.sty
Package: amsmath 2013/01/14 v2.14 AMS math features
\@mathmargin=\skip45

For additional information on amsmath, use the `?' option.
(/usr/local/texlive/2014/texmf-dist/tex/latex/amsmath/amstext.sty
Package: amstext 2000/06/29 v2.01

(/usr/local/texlive/2014/texmf-dist/tex/latex/amsmath/amsgen.sty
File: amsgen.sty 1999/11/30 v2.0
\@emptytoks=\toks18
\ex@=\dimen119
))
(/usr/local/texlive/2014/texmf-dist/tex/latex/amsmath/amsbsy.sty
Package: amsbsy 1999/11/29 v1.2d
\pmbraise@=\dimen120
)
(/usr/local/texlive/2014/texmf-dist/tex/latex/amsmath/amsopn.sty
Package: amsopn 1999/12/14 v2.01 operator names
LaTeX Info: Redefining \operatorname on input line 46.
)
\inf@bad=\count116
LaTeX Info: Redefining \frac on input line 210.
\uproot@=\count117
\leftroot@=\count118
LaTeX Info: Redefining \overline on input line 306.
\classnum@=\count119
\DOTSCASE@=\count120
LaTeX Info: Redefining \ldots on input line 378.
LaTeX Info: Redefining \dots on input line 381.
LaTeX Info: Redefining \cdots on input line 466.
\Mathstrutbox@=\box31
\strutbox@=\box32
\big@size=\dimen121
LaTeX Font Info:    Redeclaring font encoding OML on input line 566.
LaTeX Font Info:    Redeclaring font encoding OMS on input line 567.
\macc@depth=\count121
\c@MaxMatrixCols=\count122
\dotsspace@=\muskip11
\c@parentequation=\count123
\dspbrk@lvl=\count124
\tag@help=\toks19
\row@=\count125
\column@=\count126
\maxfields@=\count127
\andhelp@=\toks20
\eqnshift@=\dimen122
\alignsep@=\dimen123
\tagshift@=\dimen124
\tagwidth@=\dimen125
\totwidth@=\dimen126
\lineht@=\dimen127
\@envbody=\toks21
\multlinegap=\skip46
\multlinetaggap=\skip47
\mathdisplay@stack=\toks22
LaTeX Info: Redefining \[ on input line 2665.
LaTeX Info: Redefining \] on input line 2666.
)
(/usr/local/texlive/2014/texmf-dist/tex/latex/tools/calc.sty
Package: calc 2007/08/22 v4.3 Infix arithmetic (KKT,FJ)
\calc@Acount=\count128
\calc@Bcount=\count129
\calc@Adimen=\dimen128
\calc@Bdimen=\dimen129
\calc@Askip=\skip48
\calc@Bskip=\skip49
LaTeX Info: Redefining \setlength on input line 75.
LaTeX Info: Redefining \addtolength on input line 76.
\calc@Ccount=\count130
\calc@Cskip=\skip50
)
(/usr/local/texlive/2014/texmf-dist/tex/latex/mh/mathtools.sty
Package: mathtools 2014/05/21 v1.14 mathematical typesetting tools

(/usr/local/texlive/2014/texmf-dist/tex/latex/mh/mhsetup.sty
Package: mhsetup 2010/01/21 v1.2a programming setup (MH)
)
LaTeX Info: Thecontrolsequence`\['isalreadyrobust on input line 129.
LaTeX Info: Thecontrolsequence`\]'isalreadyrobust on input line 129.
\g_MT_multlinerow_int=\count131
\l_MT_multwidth_dim=\dimen130
\origjot=\skip51
\l_MT_shortvdotswithinadjustabove_dim=\dimen131
\l_MT_shortvdotswithinadjustbelow_dim=\dimen132
\l_MT_above_intertext_sep=\dimen133
\l_MT_below_intertext_sep=\dimen134
\l_MT_above_shortintertext_sep=\dimen135
\l_MT_below_shortintertext_sep=\dimen136
)
(/Users/feret/ownCloud/packages/kappa.sty
\c@dolabelrules=\count132
\c@rulenumber=\count133
\c@kappamode=\count134
)
(/usr/local/texlive/2014/texmf-dist/tex/generic/xypic/xypic.sty
(/usr/local/texlive/2014/texmf-dist/tex/generic/xypic/xy.sty
(/usr/local/texlive/2014/texmf-dist/tex/generic/xypic/xy.tex Bootstrap'ing:
catcodes, docmode,
(/usr/local/texlive/2014/texmf-dist/tex/generic/xypic/xyrecat.tex)
(/usr/local/texlive/2014/texmf-dist/tex/generic/xypic/xyidioms.tex)

 Xy-pic version 3.8.9 <2013/10/06>
 Copyright (c) 1991-2013 by Kristoffer H. Rose <krisrose@tug.org> and others
 Xy-pic is free software: see the User's Guide for details.

Loading kernel: messages; fonts; allocations: state,
\X@c=\dimen137
\Y@c=\dimen138
\U@c=\dimen139
\D@c=\dimen140
\L@c=\dimen141
\R@c=\dimen142
\Edge@c=\toks23
\X@p=\dimen143
\Y@p=\dimen144
\U@p=\dimen145
\D@p=\dimen146
\L@p=\dimen147
\R@p=\dimen148
\Edge@p=\toks24
\X@origin=\dimen149
\Y@origin=\dimen150
\X@xbase=\dimen151
\Y@xbase=\dimen152
\X@ybase=\dimen153
\Y@ybase=\dimen154
\X@min=\dimen155
\Y@min=\dimen156
\X@max=\dimen157
\Y@max=\dimen158
\lastobjectbox@=\box33
\zerodotbox@=\box34
\almostz@=\dimen159
 direction,
\d@X=\dimen160
\d@Y=\dimen161
\K@=\count135
\KK@=\count136
\Direction=\count137
\K@dXdY=\dimen162
\K@dYdX=\dimen163
\xyread@=\read1
\xywrite@=\write3
\csp@=\count138
\quotPTK@=\dimen164

utility macros; pictures: \xy, positions,
\swaptoks@@=\toks25
\connectobjectbox@@=\box35
 objects,
\styletoks@=\toks26
 decorations;
kernel objects: directionals, circles, text; options; algorithms: directions,
edges, connections;  Xy-pic loaded)

LaTeX Warning: You have requested package `xypic',
               but the package provides `xy'.

Package: xy 2013/10/06 Xy-pic version 3.8.9
(/usr/local/texlive/2014/texmf-dist/tex/generic/xypic/xypdf.tex
 Xy-pic option: PDF driver v.1.7 loaded))
(/usr/local/texlive/2014/texmf-dist/tex/generic/xypic/xyv2.tex
 Xy-pic option: Version 2 Compatibility v.3.8

Xy-pic Warning: `\stop' redefined.

(/usr/local/texlive/2014/texmf-dist/tex/generic/xypic/xyframe.tex
 Xy-pic option: Frame and Bracket extension v.3.14 loaded)
Xy-pic pdf driver: `frame' extension support
(/usr/local/texlive/2014/texmf-dist/tex/generic/xypic/xypdf-fr.tex
(/usr/local/texlive/2014/texmf-dist/tex/generic/xypic/xycurve.tex
 Xy-pic option: Curve and Spline extension v.3.12 curve,
\crv@cnt@=\count139
\crvpts@=\toks27
\splinebox@=\box36
\splineval@=\dimen165
\splinedepth@=\dimen166
\splinetol@=\dimen167
\splinelength@=\dimen168
 circles,
\L@=\dimen169
 loaded)
Xy-pic pdf driver: `curve' extension support
(/usr/local/texlive/2014/texmf-dist/tex/generic/xypic/xypdf-cu.tex loaded)
loaded) (/usr/local/texlive/2014/texmf-dist/tex/generic/xypic/xymatrix.tex
 Xy-pic option: Matrix feature v.3.14
\Row=\count140
\Col=\count141
\queue@=\toks28
\queue@@=\toks29
\qcount@=\count142
\qcount@@=\count143
\matrixsize@=\count144
 loaded)
(/usr/local/texlive/2014/texmf-dist/tex/generic/xypic/xyarrow.tex
 Xy-pic option: Arrow and Path feature v.3.9 path, \ar, loaded) loaded))
(/usr/local/texlive/2014/texmf-dist/tex/latex/subfigure/subfigure.sty
Package: subfigure 2002/03/15 v2.1.5 subfigure package
\subfigtopskip=\skip52
\subfigcapskip=\skip53
\subfigcaptopadj=\dimen170
\subfigbottomskip=\skip54
\subfigcapmargin=\dimen171
\subfiglabelskip=\skip55
\c@subfigure=\count145
\c@lofdepth=\count146
\c@subtable=\count147
\c@lotdepth=\count148

****************************************
* Local config file subfigure.cfg used *
****************************************
(/usr/local/texlive/2014/texmf-dist/tex/latex/subfigure/subfigure.cfg)
\subfig@top=\skip56
\subfig@bottom=\skip57
)
(/usr/local/texlive/2014/texmf-dist/tex/latex/stmaryrd/stmaryrd.sty
Package: stmaryrd 1994/03/03 St Mary's Road symbol package
\symstmry=\mathgroup7
LaTeX Font Info:    Overwriting symbol font `stmry' in version `bold'
(Font)                  U/stmry/m/n --> U/stmry/b/n on input line 89.
)
(/Users/feret/ownCloud/packages/boolean.sty
Package: boolean 2006/10/05 version 0.1 Boolean expressions
) (./polymers.aux)
\openout1 = `polymers.aux'.

LaTeX Font Info:    Checking defaults for OML/cmm/m/it on input line 99.
LaTeX Font Info:    ... okay on input line 99.
LaTeX Font Info:    Checking defaults for T1/cmr/m/n on input line 99.
LaTeX Font Info:    ... okay on input line 99.
LaTeX Font Info:    Checking defaults for OT1/cmr/m/n on input line 99.
LaTeX Font Info:    ... okay on input line 99.
LaTeX Font Info:    Checking defaults for OMS/cmsy/m/n on input line 99.
LaTeX Font Info:    ... okay on input line 99.
LaTeX Font Info:    Checking defaults for OMX/cmex/m/n on input line 99.
LaTeX Font Info:    ... okay on input line 99.
LaTeX Font Info:    Checking defaults for U/cmr/m/n on input line 99.
LaTeX Font Info:    ... okay on input line 99.
LaTeX Font Info:    Checking defaults for PD1/pdf/m/n on input line 99.
LaTeX Font Info:    ... okay on input line 99.
\AtBeginShipoutBox=\box37


Package hyperref Warning: Height of page (\paperheight) is invalid (0.0pt),
(hyperref)                using 11in.

(/usr/local/texlive/2014/texmf-dist/tex/latex/graphics/color.sty
Package: color 2014/04/23 v1.1a Standard LaTeX Color (DPC)

(/usr/local/texlive/2014/texmf-dist/tex/latex/latexconfig/color.cfg
File: color.cfg 2007/01/18 v1.5 color configuration of teTeX/TeXLive
)
Package color Info: Driver file: pdftex.def on input line 137.
)
Package hyperref Info: Link coloring ON on input line 99.

(/usr/local/texlive/2014/texmf-dist/tex/latex/hyperref/nameref.sty
Package: nameref 2012/10/27 v2.43 Cross-referencing by name of section

(/usr/local/texlive/2014/texmf-dist/tex/generic/oberdiek/gettitlestring.sty
Package: gettitlestring 2010/12/03 v1.4 Cleanup title references (HO)
)
\c@section@level=\count149
)
LaTeX Info: Redefining \ref on input line 99.
LaTeX Info: Redefining \pageref on input line 99.
LaTeX Info: Redefining \nameref on input line 99.

(./polymers.out) (./polymers.out)
\@outlinefile=\write4
\openout4 = `polymers.out'.


(/usr/local/texlive/2014/texmf-dist/tex/context/base/supp-pdf.mkii
[Loading MPS to PDF converter (version 2006.09.02).]
\scratchcounter=\count150
\scratchdimen=\dimen172
\scratchbox=\box38
\nofMPsegments=\count151
\nofMParguments=\count152
\everyMPshowfont=\toks30
\MPscratchCnt=\count153
\MPscratchDim=\dimen173
\MPnumerator=\count154
\makeMPintoPDFobject=\count155
\everyMPtoPDFconversion=\toks31
) (/usr/local/texlive/2014/texmf-dist/tex/latex/oberdiek/epstopdf-base.sty
Package: epstopdf-base 2010/02/09 v2.5 Base part for package epstopdf

(/usr/local/texlive/2014/texmf-dist/tex/latex/oberdiek/grfext.sty
Package: grfext 2010/08/19 v1.1 Manage graphics extensions (HO)
)
Package grfext Info: Graphics extension search list:
(grfext)             [.png,.pdf,.jpg,.mps,.jpeg,.jbig2,.jb2,.PNG,.PDF,.JPG,.JPE
G,.JBIG2,.JB2,.eps]
(grfext)             \AppendGraphicsExtensions on input line 452.

(/usr/local/texlive/2014/texmf-dist/tex/latex/latexconfig/epstopdf-sys.cfg
File: epstopdf-sys.cfg 2010/07/13 v1.3 Configuration of (r)epstopdf for TeX Liv
e
))
LaTeX Font Info:    Try loading font information for U+stmry on input line 99.

(/usr/local/texlive/2014/texmf-dist/tex/latex/stmaryrd/Ustmry.fd)
Package xypdf Info: Line width: 0.43799pt on input line 99.


LaTeX Font Warning: Command \scriptsize invalid in math mode on input line 101.



LaTeX Font Warning: Command \scriptsize invalid in math mode on input line 103.



LaTeX Font Warning: Command \scriptsize invalid in math mode on input line 109.


(./abstract.tex)
\c@sv@footnote=\count156

Underfull \hbox (badness 10000) has occurred while \output is active

 []


Overfull \vbox (5.19998pt too high) has occurred while \output is active []


Overfull \hbox (1.88892pt too wide) has occurred while \output is active
 []
 []

[1{/usr/local/texlive/2014/texmf-var/fonts/map/pdftex/updmap/pdftex.map}pdfTeX 
warning (ext4): destination with the same identifier (name{footnote.0}) has bee
n already used, duplicate ignored

\AtBegShi@Output ...ipout \box \AtBeginShipoutBox 
                                                  \fi \fi 
l.133 \end{frontmatter}
                       pdfTeX warning (ext4): destination with the same identif
ier (name{footnote.0}) has been already used, duplicate ignored

\AtBegShi@Output ...ipout \box \AtBeginShipoutBox 
                                                  \fi \fi 
l.133 \end{frontmatter}
                       ]
<generated_pictures/abc_contact_map.pdf, id=125, 124.465pt x 97.36375pt>
File: generated_pictures/abc_contact_map.pdf Graphic file (type pdf)

<use generated_pictures/abc_contact_map.pdf>
Package pdftex.def Info: generated_pictures/abc_contact_map.pdf used on input l
ine 156.
(pdftex.def)             Requested size: 124.46469pt x 97.3635pt.

<generated_pictures/abc_triangle.pdf, id=126, 124.465pt x 96.36pt>
File: generated_pictures/abc_triangle.pdf Graphic file (type pdf)

<use generated_pictures/abc_triangle.pdf>
Package pdftex.def Info: generated_pictures/abc_triangle.pdf used on input line
 162.
(pdftex.def)             Requested size: 124.46469pt x 96.35974pt.

<generated_pictures/abc_pattern.pdf, id=127, 254.9525pt x 31.11626pt>
File: generated_pictures/abc_pattern.pdf Graphic file (type pdf)

<use generated_pictures/abc_pattern.pdf>
Package pdftex.def Info: generated_pictures/abc_pattern.pdf used on input line 
168.
(pdftex.def)             Requested size: 254.95186pt x 31.11617pt.

Underfull \vbox (badness 1648) has occurred while \output is active []

 [2]
[3 <./generated_pictures/abc_contact_map.pdf> <./generated_pictures/abc_triangl
e.pdf> <./generated_pictures/abc_pattern.pdf>]
<generated_pictures/self_contact_map.pdf, id=178, 65.24374pt x 31.11626pt>
File: generated_pictures/self_contact_map.pdf Graphic file (type pdf)

<use generated_pictures/self_contact_map.pdf>
Package pdftex.def Info: generated_pictures/self_contact_map.pdf used on input 
line 206.
(pdftex.def)             Requested size: 65.24358pt x 31.11617pt.

<generated_pictures/self_monomer.pdf, id=179, 53.19875pt x 31.11626pt>
File: generated_pictures/self_monomer.pdf Graphic file (type pdf)

<use generated_pictures/self_monomer.pdf>
Package pdftex.def Info: generated_pictures/self_monomer.pdf used on input line
 211.
(pdftex.def)             Requested size: 53.19861pt x 31.11617pt.

<generated_pictures/self_dimer.pdf, id=180, 110.4125pt x 31.11626pt>
File: generated_pictures/self_dimer.pdf Graphic file (type pdf)

<use generated_pictures/self_dimer.pdf>
Package pdftex.def Info: generated_pictures/self_dimer.pdf used on input line 2
11.
(pdftex.def)             Requested size: 110.41222pt x 31.11617pt.

<generated_pictures/twoself_contact_map.pdf, id=183, 92.345pt x 31.11626pt>
File: generated_pictures/twoself_contact_map.pdf Graphic file (type pdf)

<use generated_pictures/twoself_contact_map.pdf>
Package pdftex.def Info: generated_pictures/twoself_contact_map.pdf used on inp
ut line 222.
(pdftex.def)             Requested size: 92.34476pt x 31.11617pt.

<generated_pictures/twoself_pattern.pdf, id=184, 182.6825pt x 31.11626pt>
File: generated_pictures/twoself_pattern.pdf Graphic file (type pdf)

<use generated_pictures/twoself_pattern.pdf>
Package pdftex.def Info: generated_pictures/twoself_pattern.pdf used on input l
ine 227.
(pdftex.def)             Requested size: 182.68204pt x 31.11617pt.
Missing character: There is no Â in font cmr8!
Missing character: There is no   in font cmr8!
Missing character: There is no Â in font cmr8!
Missing character: There is no   in font cmr8!

<generated_pictures/conflict_contact_map.pdf, id=191, 117.43875pt x 76.285pt>
File: generated_pictures/conflict_contact_map.pdf Graphic file (type pdf)

<use generated_pictures/conflict_contact_map.pdf>
Package pdftex.def Info: generated_pictures/conflict_contact_map.pdf used on in
put line 249.
(pdftex.def)             Requested size: 117.43845pt x 76.2848pt.

<generated_pictures/conflict_r.pdf, id=192, 42.1575pt x 44.165pt>
File: generated_pictures/conflict_r.pdf Graphic file (type pdf)

<use generated_pictures/conflict_r.pdf>
Package pdftex.def Info: generated_pictures/conflict_r.pdf used on input line 2
64.
(pdftex.def)             Requested size: 42.15738pt x 44.16487pt.

<generated_pictures/conflict_rg.pdf, id=193, 89.33376pt x 44.165pt>
File: generated_pictures/conflict_rg.pdf Graphic file (type pdf)

<use generated_pictures/conflict_rg.pdf>
Package pdftex.def Info: generated_pictures/conflict_rg.pdf used on input line 
264.
(pdftex.def)             Requested size: 89.33353pt x 44.16487pt.

<generated_pictures/conflict_grs.pdf, id=194, 117.43875pt x 60.225pt>
File: generated_pictures/conflict_grs.pdf Graphic file (type pdf)

<use generated_pictures/conflict_grs.pdf>
Package pdftex.def Info: generated_pictures/conflict_grs.pdf used on input line
 264.
(pdftex.def)             Requested size: 117.43845pt x 60.22484pt.

<generated_pictures/conflict_ggrs.pdf, id=195, 132.495pt x 61.22874pt>
File: generated_pictures/conflict_ggrs.pdf Graphic file (type pdf)

<use generated_pictures/conflict_ggrs.pdf>
Package pdftex.def Info: generated_pictures/conflict_ggrs.pdf used on input lin
e 264.
(pdftex.def)             Requested size: 132.49466pt x 61.22858pt.

<generated_pictures/conflict_rs.pdf, id=196, 102.3825pt x 50.1875pt>
File: generated_pictures/conflict_rs.pdf Graphic file (type pdf)

<use generated_pictures/conflict_rs.pdf>
Package pdftex.def Info: generated_pictures/conflict_rs.pdf used on input line 
264.
(pdftex.def)             Requested size: 102.38225pt x 50.18736pt.

<generated_pictures/conflict_gbisrs.pdf, id=197, 117.43875pt x 73.27374pt>
File: generated_pictures/conflict_gbisrs.pdf Graphic file (type pdf)

<use generated_pictures/conflict_gbisrs.pdf>
Package pdftex.def Info: generated_pictures/conflict_gbisrs.pdf used on input l
ine 264.
(pdftex.def)             Requested size: 117.43845pt x 73.27354pt.

<generated_pictures/conflict_s.pdf, id=198, 43.16125pt x 45.16875pt>
File: generated_pictures/conflict_s.pdf Graphic file (type pdf)

<use generated_pictures/conflict_s.pdf>
Package pdftex.def Info: generated_pictures/conflict_s.pdf used on input line 2
64.
(pdftex.def)             Requested size: 43.16113pt x 45.16862pt.

<generated_pictures/conflict_gs.pdf, id=199, 108.405pt x 34.1275pt>
File: generated_pictures/conflict_gs.pdf Graphic file (type pdf)

<use generated_pictures/conflict_gs.pdf>
Package pdftex.def Info: generated_pictures/conflict_gs.pdf used on input line 
264.
(pdftex.def)             Requested size: 108.40472pt x 34.1274pt.

<generated_pictures/conflict_g.pdf, id=200, 45.16875pt x 31.11626pt>
File: generated_pictures/conflict_g.pdf Graphic file (type pdf)

<use generated_pictures/conflict_g.pdf>
Package pdftex.def Info: generated_pictures/conflict_g.pdf used on input line 2
64.
(pdftex.def)             Requested size: 45.16862pt x 31.11617pt.

Overfull \hbox (2.1255pt too wide) in paragraph at lines 249--265
[][] [][] 
 []

[4 <./generated_pictures/self_contact_map.pdf> <./generated_pictures/self_monom
er.pdf> <./generated_pictures/self_dimer.pdf> <./generated_pictures/twoself_con
tact_map.pdf> <./generated_pictures/twoself_pattern.pdf>]
<generated_pictures/contact_map.pdf, id=241, 330.23375pt x 273.02pt>
File: generated_pictures/contact_map.pdf Graphic file (type pdf)

<use generated_pictures/contact_map.pdf>
Package pdftex.def Info: generated_pictures/contact_map.pdf used on input line 
290.
(pdftex.def)             Requested size: 330.23293pt x 273.01933pt.

<generated_pictures/egfr_egfr_egfr.pdf, id=242, 406.51875pt x 74.2775pt>
File: generated_pictures/egfr_egfr_egfr.pdf Graphic file (type pdf)

<use generated_pictures/egfr_egfr_egfr.pdf>
Package pdftex.def Info: generated_pictures/egfr_egfr_egfr.pdf used on input li
ne 298.
(pdftex.def)             Requested size: 406.51775pt x 74.27731pt.

Overfull \hbox (4.20703pt too wide) in paragraph at lines 298--298
 [] 
 []


Overfull \hbox (3.65pt too wide) in paragraph at lines 290--298
[][]
 []


Overfull \hbox (3.65pt too wide) in paragraph at lines 290--298
[][] 
 []

<generated_pictures/species.pdf, id=243, 478.78876pt x 414.54875pt>
File: generated_pictures/species.pdf Graphic file (type pdf)

<use generated_pictures/species.pdf>
Package pdftex.def Info: generated_pictures/species.pdf used on input line 303.

(pdftex.def)             Requested size: 478.78758pt x 414.54773pt.

Overfull \hbox (2.11946pt too wide) in paragraph at lines 282--307
[]$[]$ [][] 
 []

[5 <./generated_pictures/conflict_contact_map.pdf> <./generated_pictures/confli
ct_r.pdf> <./generated_pictures/conflict_rg.pdf> <./generated_pictures/conflict
_grs.pdf> <./generated_pictures/conflict_ggrs.pdf> <./generated_pictures/confli
ct_rs.pdf> <./generated_pictures/conflict_gbisrs.pdf> <./generated_pictures/con
flict_s.pdf> <./generated_pictures/conflict_gs.pdf> <./generated_pictures/confl
ict_g.pdf> <./generated_pictures/contact_map.pdf> <./generated_pictures/egfr_eg
fr_egfr.pdf> <./generated_pictures/species.pdf>]
Underfull \vbox (badness 10000) has occurred while \output is active []

 [6]
[7]

Package hyperref Warning: Token not allowed in a PDF string (PDFDocEncoding):
(hyperref)                removing `math shift' on input line 429.


Package hyperref Warning: Token not allowed in a PDF string (PDFDocEncoding):
(hyperref)                removing `\Sigma' on input line 429.


Package hyperref Warning: Token not allowed in a PDF string (PDFDocEncoding):
(hyperref)                removing `math shift' on input line 429.


Package hyperref Warning: Token not allowed in a PDF string (PDFDocEncoding):
(hyperref)                removing `math shift' on input line 429.


Package hyperref Warning: Token not allowed in a PDF string (PDFDocEncoding):
(hyperref)                removing `\Sigma' on input line 429.


Package hyperref Warning: Token not allowed in a PDF string (PDFDocEncoding):
(hyperref)                removing `math shift' on input line 429.

[8]
Overfull \hbox (2.09126pt too wide) in paragraph at lines 515--536
[]$\OMS/cmsy/m/n/10.95 L[] [] []$\OT1/cmr/m/it/10.95 . 
 []


Underfull \vbox (badness 10000) has occurred while \output is active []

 [9]
Underfull \vbox (badness 10000) has occurred while \output is active []

 [10]
<generated_pictures/abc_embed.pdf, id=446, 225.84375pt x 118.4425pt>
File: generated_pictures/abc_embed.pdf Graphic file (type pdf)

<use generated_pictures/abc_embed.pdf>
Package pdftex.def Info: generated_pictures/abc_embed.pdf used on input line 60
5.
(pdftex.def)             Requested size: 225.84319pt x 118.4422pt.

<generated_pictures/egfr_embed.pdf, id=448, 926.46124pt x 414.54875pt>
File: generated_pictures/egfr_embed.pdf Graphic file (type pdf)

<use generated_pictures/egfr_embed.pdf>
Package pdftex.def Info: generated_pictures/egfr_embed.pdf used on input line 6
19.
(pdftex.def)             Requested size: 926.45897pt x 414.54773pt.

Underfull \vbox (badness 10000) has occurred while \output is active []

 [11 <./generated_pictures/abc_embed.pdf> <./generated_pictures/egfr_embed.pdf>
] [12]
<generated_pictures/abc_pattern_a.pdf, id=488, 195.73125pt x 35.13126pt>
File: generated_pictures/abc_pattern_a.pdf Graphic file (type pdf)

<use generated_pictures/abc_pattern_a.pdf>
Package pdftex.def Info: generated_pictures/abc_pattern_a.pdf used on input lin
e 731.
(pdftex.def)             Requested size: 195.73076pt x 35.13115pt.

<generated_pictures/abc_pattern_b.pdf, id=489, 182.6825pt x 31.11626pt>
File: generated_pictures/abc_pattern_b.pdf Graphic file (type pdf)

<use generated_pictures/abc_pattern_b.pdf>
Package pdftex.def Info: generated_pictures/abc_pattern_b.pdf used on input lin
e 736.
(pdftex.def)             Requested size: 182.68204pt x 31.11617pt.

<generated_pictures/egfr_egfr_r.pdf, id=490, 210.7875pt x 67.25125pt>
File: generated_pictures/egfr_egfr_r.pdf Graphic file (type pdf)

<use generated_pictures/egfr_egfr_r.pdf>
Package pdftex.def Info: generated_pictures/egfr_egfr_r.pdf used on input line 
742.
(pdftex.def)             Requested size: 210.78699pt x 67.25107pt.
File: generated_pictures/abc_pattern.pdf Graphic file (type pdf)

<use generated_pictures/abc_pattern.pdf>
Package pdftex.def Info: generated_pictures/abc_pattern.pdf used on input line 
747.
(pdftex.def)             Requested size: 254.95186pt x 31.11617pt.
 [13]
<generated_pictures/abc_iteration_1.pdf, id=514, 254.9525pt x 31.11626pt>
File: generated_pictures/abc_iteration_1.pdf Graphic file (type pdf)

<use generated_pictures/abc_iteration_1.pdf>
Package pdftex.def Info: generated_pictures/abc_iteration_1.pdf used on input l
ine 771.
(pdftex.def)             Requested size: 254.95186pt x 31.11617pt.

<generated_pictures/abc_iteration_2.pdf, id=515, 464.73625pt x 31.11626pt>
File: generated_pictures/abc_iteration_2.pdf Graphic file (type pdf)

<use generated_pictures/abc_iteration_2.pdf>
Package pdftex.def Info: generated_pictures/abc_iteration_2.pdf used on input l
ine 775.
(pdftex.def)             Requested size: 464.7351pt x 31.11617pt.

<generated_pictures/abc_iteration_3.pdf, id=516, 674.52pt x 31.11626pt>
File: generated_pictures/abc_iteration_3.pdf Graphic file (type pdf)

<use generated_pictures/abc_iteration_3.pdf>
Package pdftex.def Info: generated_pictures/abc_iteration_3.pdf used on input l
ine 780.
(pdftex.def)             Requested size: 674.51836pt x 31.11617pt.

Overfull \hbox (8.71512pt too wide) in paragraph at lines 780--780
 [][] 
 []

File: generated_pictures/abc_pattern.pdf Graphic file (type pdf)
<use generated_pictures/abc_pattern.pdf>
Package pdftex.def Info: generated_pictures/abc_pattern.pdf used on input line 
806.
(pdftex.def)             Requested size: 254.95186pt x 31.11617pt.
 [14 <./generated_pictures/abc_pattern_a.pdf> <./generated_pictures/abc_pattern
_b.pdf> <./generated_pictures/egfr_egfr_r.pdf> <./generated_pictures/abc_iterat
ion_1.pdf> <./generated_pictures/abc_iteration_2.pdf> <./generated_pictures/abc
_iteration_3.pdf>]
File: generated_pictures/abc_contact_map.pdf Graphic file (type pdf)

<use generated_pictures/abc_contact_map.pdf>
Package pdftex.def Info: generated_pictures/abc_contact_map.pdf used on input l
ine 852.
(pdftex.def)             Requested size: 124.46469pt x 97.3635pt.
 <xymatrix
<generated_pictures/a_b.pdf, id=565, 44.165pt x 32.12pt>
File: generated_pictures/a_b.pdf Graphic file (type pdf)

<use generated_pictures/a_b.pdf>
Package pdftex.def Info: generated_pictures/a_b.pdf used on input line 886.
(pdftex.def)             Requested size: 44.16487pt x 32.1199pt.

<generated_pictures/b_c.pdf, id=566, 46.1725pt x 31.11626pt>
File: generated_pictures/b_c.pdf Graphic file (type pdf)

<use generated_pictures/b_c.pdf>
Package pdftex.def Info: generated_pictures/b_c.pdf used on input line 886.
(pdftex.def)             Requested size: 46.17236pt x 31.11617pt.

<generated_pictures/c_b.pdf, id=567, 46.1725pt x 31.11626pt>
File: generated_pictures/c_b.pdf Graphic file (type pdf)

<use generated_pictures/c_b.pdf>
Package pdftex.def Info: generated_pictures/c_b.pdf used on input line 886.
(pdftex.def)             Requested size: 46.17236pt x 31.11617pt.

<generated_pictures/c_a.pdf, id=568, 38.1425pt x 37.13875pt>
File: generated_pictures/c_a.pdf Graphic file (type pdf)

<use generated_pictures/c_a.pdf>
Package pdftex.def Info: generated_pictures/c_a.pdf used on input line 886.
(pdftex.def)             Requested size: 38.1424pt x 37.13866pt.

<generated_pictures/a_c.pdf, id=569, 44.165pt x 32.12pt>
File: generated_pictures/a_c.pdf Graphic file (type pdf)

<use generated_pictures/a_c.pdf>
Package pdftex.def Info: generated_pictures/a_c.pdf used on input line 886.
(pdftex.def)             Requested size: 44.16487pt x 32.1199pt.

<generated_pictures/b_a.pdf, id=570, 38.1425pt x 37.13875pt>
File: generated_pictures/b_a.pdf Graphic file (type pdf)

<use generated_pictures/b_a.pdf>
Package pdftex.def Info: generated_pictures/b_a.pdf used on input line 886.
(pdftex.def)             Requested size: 38.1424pt x 37.13866pt.
 7x2
File: generated_pictures/a_b.pdf Graphic file (type pdf)
 <use generated_pictures/a_b.pdf>
Package pdftex.def Info: generated_pictures/a_b.pdf used on input line 886.
(pdftex.def)             Requested size: 44.16487pt x 32.1199pt.
File: generated_pictures/b_c.pdf Graphic file (type pdf)

<use generated_pictures/b_c.pdf>
Package pdftex.def Info: generated_pictures/b_c.pdf used on input line 886.
(pdftex.def)             Requested size: 46.17236pt x 31.11617pt.
File: generated_pictures/c_b.pdf Graphic file (type pdf)
 <use generated_pictures/c_b.pdf>
Package pdftex.def Info: generated_pictures/c_b.pdf used on input line 886.
(pdftex.def)             Requested size: 46.17236pt x 31.11617pt.
File: generated_pictures/c_a.pdf Graphic file (type pdf)

<use generated_pictures/c_a.pdf>
Package pdftex.def Info: generated_pictures/c_a.pdf used on input line 886.
(pdftex.def)             Requested size: 38.1424pt x 37.13866pt.
File: generated_pictures/a_c.pdf Graphic file (type pdf)
 <use generated_pictures/a_c.pdf>
Package pdftex.def Info: generated_pictures/a_c.pdf used on input line 886.
(pdftex.def)             Requested size: 44.16487pt x 32.1199pt.
File: generated_pictures/b_a.pdf Graphic file (type pdf)

<use generated_pictures/b_a.pdf>
Package pdftex.def Info: generated_pictures/b_a.pdf used on input line 886.
(pdftex.def)             Requested size: 38.1424pt x 37.13866pt.
File: generated_pictures/a_b.pdf Graphic file (type pdf)
 <use generated_pictures/a_b.pdf>
Package pdftex.def Info: generated_pictures/a_b.pdf used on input line 886.
(pdftex.def)             Requested size: 44.16487pt x 32.1199pt.
File: generated_pictures/b_c.pdf Graphic file (type pdf)

<use generated_pictures/b_c.pdf>
Package pdftex.def Info: generated_pictures/b_c.pdf used on input line 886.
(pdftex.def)             Requested size: 46.17236pt x 31.11617pt.
File: generated_pictures/c_b.pdf Graphic file (type pdf)
 <use generated_pictures/c_b.pdf>
Package pdftex.def Info: generated_pictures/c_b.pdf used on input line 886.
(pdftex.def)             Requested size: 46.17236pt x 31.11617pt.
File: generated_pictures/c_a.pdf Graphic file (type pdf)

<use generated_pictures/c_a.pdf>
Package pdftex.def Info: generated_pictures/c_a.pdf used on input line 886.
(pdftex.def)             Requested size: 38.1424pt x 37.13866pt.
File: generated_pictures/a_c.pdf Graphic file (type pdf)
 <use generated_pictures/a_c.pdf>
Package pdftex.def Info: generated_pictures/a_c.pdf used on input line 886.
(pdftex.def)             Requested size: 44.16487pt x 32.1199pt.
File: generated_pictures/b_a.pdf Graphic file (type pdf)

<use generated_pictures/b_a.pdf>
Package pdftex.def Info: generated_pictures/b_a.pdf used on input line 886.
(pdftex.def)             Requested size: 38.1424pt x 37.13866pt.
 258>
File: generated_pictures/contact_map.pdf Graphic file (type pdf)
 <use generated_pictures/contact_map.pdf>
Package pdftex.def Info: generated_pictures/contact_map.pdf used on input line 
897.
(pdftex.def)             Requested size: 330.23293pt x 273.01933pt.

<xymatrix <generated_pictures/sos_d.pdf, id=573, 80.3pt x 67.25125pt>
File: generated_pictures/sos_d.pdf Graphic file (type pdf)

<use generated_pictures/sos_d.pdf>
Package pdftex.def Info: generated_pictures/sos_d.pdf used on input line 953.
(pdftex.def)             Requested size: 80.29979pt x 67.25107pt.

<generated_pictures/egf_r.pdf, id=574, 67.25125pt x 81.30376pt>
File: generated_pictures/egf_r.pdf Graphic file (type pdf)

<use generated_pictures/egf_r.pdf>
Package pdftex.def Info: generated_pictures/egf_r.pdf used on input line 953.
(pdftex.def)             Requested size: 67.25107pt x 81.30354pt.

<generated_pictures/grb2_a.pdf, id=575, 82.3075pt x 59.22125pt>
File: generated_pictures/grb2_a.pdf Graphic file (type pdf)

<use generated_pictures/grb2_a.pdf>
Package pdftex.def Info: generated_pictures/grb2_a.pdf used on input line 953.
(pdftex.def)             Requested size: 82.30728pt x 59.22108pt.

<generated_pictures/shc_pi.pdf, id=576, 80.3pt x 54.2025pt>
File: generated_pictures/shc_pi.pdf Graphic file (type pdf)

<use generated_pictures/shc_pi.pdf>
Package pdftex.def Info: generated_pictures/shc_pi.pdf used on input line 953.
(pdftex.def)             Requested size: 80.29979pt x 54.20236pt.

<generated_pictures/egfr_c.pdf, id=577, 82.3075pt x 71.26625pt>
File: generated_pictures/egfr_c.pdf Graphic file (type pdf)

<use generated_pictures/egfr_c.pdf>
Package pdftex.def Info: generated_pictures/egfr_c.pdf used on input line 953.
(pdftex.def)             Requested size: 82.30728pt x 71.26605pt.

<generated_pictures/egfr_r.pdf, id=578, 82.3075pt x 71.26625pt>
File: generated_pictures/egfr_r.pdf Graphic file (type pdf)

<use generated_pictures/egfr_r.pdf>
Package pdftex.def Info: generated_pictures/egfr_r.pdf used on input line 953.
(pdftex.def)             Requested size: 82.30728pt x 71.26605pt.

<generated_pictures/egfr_n.pdf, id=579, 82.3075pt x 71.26625pt>
File: generated_pictures/egfr_n.pdf Graphic file (type pdf)

<use generated_pictures/egfr_n.pdf>
Package pdftex.def Info: generated_pictures/egfr_n.pdf used on input line 953.
(pdftex.def)             Requested size: 82.30728pt x 71.26605pt.

<generated_pictures/egfr_l.pdf, id=580, 82.3075pt x 71.26625pt>
File: generated_pictures/egfr_l.pdf Graphic file (type pdf)

<use generated_pictures/egfr_l.pdf>
Package pdftex.def Info: generated_pictures/egfr_l.pdf used on input line 953.
(pdftex.def)             Requested size: 82.30728pt x 71.26605pt.

<generated_pictures/egfr_Y48.pdf, id=581, 94.3525pt x 67.25125pt>
File: generated_pictures/egfr_Y48.pdf Graphic file (type pdf)

<use generated_pictures/egfr_Y48.pdf>
Package pdftex.def Info: generated_pictures/egfr_Y48.pdf used on input line 953
.
(pdftex.def)             Requested size: 94.35225pt x 67.25107pt.

Overfull \hbox (4.5711pt too wide) in paragraph at lines 953--953
[][] 
 []

<generated_pictures/egfr_Y68.pdf, id=582, 80.3pt x 81.30376pt>
File: generated_pictures/egfr_Y68.pdf Graphic file (type pdf)

<use generated_pictures/egfr_Y68.pdf>
Package pdftex.def Info: generated_pictures/egfr_Y68.pdf used on input line 953
.
(pdftex.def)             Requested size: 80.29979pt x 81.30354pt.

<generated_pictures/shc_Y7.pdf, id=583, 80.3pt x 54.2025pt>
File: generated_pictures/shc_Y7.pdf Graphic file (type pdf)

<use generated_pictures/shc_Y7.pdf>
Package pdftex.def Info: generated_pictures/shc_Y7.pdf used on input line 953.
(pdftex.def)             Requested size: 80.29979pt x 54.20236pt.

<generated_pictures/grb2_b.pdf, id=584, 82.3075pt x 59.22125pt>
File: generated_pictures/grb2_b.pdf Graphic file (type pdf)

<use generated_pictures/grb2_b.pdf>
Package pdftex.def Info: generated_pictures/grb2_b.pdf used on input line 953.
(pdftex.def)             Requested size: 82.30728pt x 59.22108pt.
 8x5
File: generated_pictures/sos_d.pdf Graphic file (type pdf)
 <use generated_pictures/sos_d.pdf>
Package pdftex.def Info: generated_pictures/sos_d.pdf used on input line 953.
(pdftex.def)             Requested size: 80.29979pt x 67.25107pt.
File: generated_pictures/egf_r.pdf Graphic file (type pdf)

<use generated_pictures/egf_r.pdf>
Package pdftex.def Info: generated_pictures/egf_r.pdf used on input line 953.
(pdftex.def)             Requested size: 67.25107pt x 81.30354pt.
File: generated_pictures/grb2_a.pdf Graphic file (type pdf)
 <use generated_pictures/grb2_a.pdf>
Package pdftex.def Info: generated_pictures/grb2_a.pdf used on input line 953.
(pdftex.def)             Requested size: 82.30728pt x 59.22108pt.
File: generated_pictures/shc_pi.pdf Graphic file (type pdf)

<use generated_pictures/shc_pi.pdf>
Package pdftex.def Info: generated_pictures/shc_pi.pdf used on input line 953.
(pdftex.def)             Requested size: 80.29979pt x 54.20236pt.
File: generated_pictures/egfr_c.pdf Graphic file (type pdf)
 <use generated_pictures/egfr_c.pdf>
Package pdftex.def Info: generated_pictures/egfr_c.pdf used on input line 953.
(pdftex.def)             Requested size: 82.30728pt x 71.26605pt.
File: generated_pictures/egfr_r.pdf Graphic file (type pdf)

<use generated_pictures/egfr_r.pdf>
Package pdftex.def Info: generated_pictures/egfr_r.pdf used on input line 953.
(pdftex.def)             Requested size: 82.30728pt x 71.26605pt.
File: generated_pictures/egfr_n.pdf Graphic file (type pdf)
 <use generated_pictures/egfr_n.pdf>
Package pdftex.def Info: generated_pictures/egfr_n.pdf used on input line 953.
(pdftex.def)             Requested size: 82.30728pt x 71.26605pt.
File: generated_pictures/egfr_l.pdf Graphic file (type pdf)

<use generated_pictures/egfr_l.pdf>
Package pdftex.def Info: generated_pictures/egfr_l.pdf used on input line 953.
(pdftex.def)             Requested size: 82.30728pt x 71.26605pt.
File: generated_pictures/egfr_Y48.pdf Graphic file (type pdf)
 <use generated_pictures/egfr_Y48.pdf>
Package pdftex.def Info: generated_pictures/egfr_Y48.pdf used on input line 953
.
(pdftex.def)             Requested size: 94.35225pt x 67.25107pt.

Overfull \hbox (4.5711pt too wide) in paragraph at lines 953--953
[][] 
 []

File: generated_pictures/egfr_Y68.pdf Graphic file (type pdf)
<use generated_pictures/egfr_Y68.pdf>
Package pdftex.def Info: generated_pictures/egfr_Y68.pdf used on input line 953
.
(pdftex.def)             Requested size: 80.29979pt x 81.30354pt.
File: generated_pictures/shc_Y7.pdf Graphic file (type pdf)
 <use generated_pictures/shc_Y7.pdf>
Package pdftex.def Info: generated_pictures/shc_Y7.pdf used on input line 953.
(pdftex.def)             Requested size: 80.29979pt x 54.20236pt.
File: generated_pictures/grb2_b.pdf Graphic file (type pdf)

<use generated_pictures/grb2_b.pdf>
Package pdftex.def Info: generated_pictures/grb2_b.pdf used on input line 953.
(pdftex.def)             Requested size: 82.30728pt x 59.22108pt.
File: generated_pictures/sos_d.pdf Graphic file (type pdf)
 <use generated_pictures/sos_d.pdf>
Package pdftex.def Info: generated_pictures/sos_d.pdf used on input line 953.
(pdftex.def)             Requested size: 80.29979pt x 67.25107pt.
File: generated_pictures/egf_r.pdf Graphic file (type pdf)

<use generated_pictures/egf_r.pdf>
Package pdftex.def Info: generated_pictures/egf_r.pdf used on input line 953.
(pdftex.def)             Requested size: 67.25107pt x 81.30354pt.
File: generated_pictures/grb2_a.pdf Graphic file (type pdf)
 <use generated_pictures/grb2_a.pdf>
Package pdftex.def Info: generated_pictures/grb2_a.pdf used on input line 953.
(pdftex.def)             Requested size: 82.30728pt x 59.22108pt.
File: generated_pictures/shc_pi.pdf Graphic file (type pdf)

<use generated_pictures/shc_pi.pdf>
Package pdftex.def Info: generated_pictures/shc_pi.pdf used on input line 953.
(pdftex.def)             Requested size: 80.29979pt x 54.20236pt.
File: generated_pictures/egfr_c.pdf Graphic file (type pdf)
 <use generated_pictures/egfr_c.pdf>
Package pdftex.def Info: generated_pictures/egfr_c.pdf used on input line 953.
(pdftex.def)             Requested size: 82.30728pt x 71.26605pt.
File: generated_pictures/egfr_r.pdf Graphic file (type pdf)

<use generated_pictures/egfr_r.pdf>
Package pdftex.def Info: generated_pictures/egfr_r.pdf used on input line 953.
(pdftex.def)             Requested size: 82.30728pt x 71.26605pt.
File: generated_pictures/egfr_n.pdf Graphic file (type pdf)
 <use generated_pictures/egfr_n.pdf>
Package pdftex.def Info: generated_pictures/egfr_n.pdf used on input line 953.
(pdftex.def)             Requested size: 82.30728pt x 71.26605pt.
File: generated_pictures/egfr_l.pdf Graphic file (type pdf)

<use generated_pictures/egfr_l.pdf>
Package pdftex.def Info: generated_pictures/egfr_l.pdf used on input line 953.
(pdftex.def)             Requested size: 82.30728pt x 71.26605pt.
File: generated_pictures/egfr_Y48.pdf Graphic file (type pdf)
 <use generated_pictures/egfr_Y48.pdf>
Package pdftex.def Info: generated_pictures/egfr_Y48.pdf used on input line 953
.
(pdftex.def)             Requested size: 94.35225pt x 67.25107pt.

Overfull \hbox (4.5711pt too wide) in paragraph at lines 953--953
[][] 
 []

File: generated_pictures/egfr_Y68.pdf Graphic file (type pdf)
<use generated_pictures/egfr_Y68.pdf>
Package pdftex.def Info: generated_pictures/egfr_Y68.pdf used on input line 953
.
(pdftex.def)             Requested size: 80.29979pt x 81.30354pt.
File: generated_pictures/shc_Y7.pdf Graphic file (type pdf)
 <use generated_pictures/shc_Y7.pdf>
Package pdftex.def Info: generated_pictures/shc_Y7.pdf used on input line 953.
(pdftex.def)             Requested size: 80.29979pt x 54.20236pt.
File: generated_pictures/grb2_b.pdf Graphic file (type pdf)

<use generated_pictures/grb2_b.pdf>
Package pdftex.def Info: generated_pictures/grb2_b.pdf used on input line 953.
(pdftex.def)             Requested size: 82.30728pt x 59.22108pt.
 1390> [15 <./generated_pictures/a_b.pdf> <./generated_pictures/b_c.pdf> <./gen
erated_pictures/c_b.pdf> <./generated_pictures/c_a.pdf> <./generated_pictures/a
_c.pdf> <./generated_pictures/b_a.pdf>]
<xymatrix
File: generated_pictures/egfr_c.pdf Graphic file (type pdf)
 <use generated_pictures/egfr_c.pdf>
Package pdftex.def Info: generated_pictures/egfr_c.pdf used on input line 976.
(pdftex.def)             Requested size: 82.30728pt x 71.26605pt.
File: generated_pictures/egfr_r.pdf Graphic file (type pdf)

<use generated_pictures/egfr_r.pdf>
Package pdftex.def Info: generated_pictures/egfr_r.pdf used on input line 976.
(pdftex.def)             Requested size: 82.30728pt x 71.26605pt.
File: generated_pictures/egfr_n.pdf Graphic file (type pdf)
 <use generated_pictures/egfr_n.pdf>
Package pdftex.def Info: generated_pictures/egfr_n.pdf used on input line 976.
(pdftex.def)             Requested size: 82.30728pt x 71.26605pt.
 7x1
File: generated_pictures/egfr_c.pdf Graphic file (type pdf)

<use generated_pictures/egfr_c.pdf>
Package pdftex.def Info: generated_pictures/egfr_c.pdf used on input line 976.
(pdftex.def)             Requested size: 82.30728pt x 71.26605pt.
File: generated_pictures/egfr_r.pdf Graphic file (type pdf)
 <use generated_pictures/egfr_r.pdf>
Package pdftex.def Info: generated_pictures/egfr_r.pdf used on input line 976.
(pdftex.def)             Requested size: 82.30728pt x 71.26605pt.
File: generated_pictures/egfr_n.pdf Graphic file (type pdf)

<use generated_pictures/egfr_n.pdf>
Package pdftex.def Info: generated_pictures/egfr_n.pdf used on input line 976.
(pdftex.def)             Requested size: 82.30728pt x 71.26605pt.
File: generated_pictures/egfr_c.pdf Graphic file (type pdf)
 <use generated_pictures/egfr_c.pdf>
Package pdftex.def Info: generated_pictures/egfr_c.pdf used on input line 976.
(pdftex.def)             Requested size: 82.30728pt x 71.26605pt.
File: generated_pictures/egfr_r.pdf Graphic file (type pdf)

<use generated_pictures/egfr_r.pdf>
Package pdftex.def Info: generated_pictures/egfr_r.pdf used on input line 976.
(pdftex.def)             Requested size: 82.30728pt x 71.26605pt.
File: generated_pictures/egfr_n.pdf Graphic file (type pdf)
 <use generated_pictures/egfr_n.pdf>
Package pdftex.def Info: generated_pictures/egfr_n.pdf used on input line 976.
(pdftex.def)             Requested size: 82.30728pt x 71.26605pt.
 278>
File: generated_pictures/abc_pattern.pdf Graphic file (type pdf)

<use generated_pictures/abc_pattern.pdf>
Package pdftex.def Info: generated_pictures/abc_pattern.pdf used on input line 
987.
(pdftex.def)             Requested size: 254.95186pt x 31.11617pt.
 [16 <./generated_pictures/sos_d.pdf> <./generated_pictures/egf_r.pdf> <./gener
ated_pictures/grb2_a.pdf> <./generated_pictures/shc_pi.pdf> <./generated_pictur
es/egfr_c.pdf> <./generated_pictures/egfr_r.pdf> <./generated_pictures/egfr_n.p
df> <./generated_pictures/egfr_l.pdf> <./generated_pictures/egfr_Y48.pdf> <./ge
nerated_pictures/egfr_Y68.pdf> <./generated_pictures/shc_Y7.pdf> <./generated_p
ictures/grb2_b.pdf>]
File: generated_pictures/abc_contact_map.pdf Graphic file (type pdf)

<use generated_pictures/abc_contact_map.pdf>
Package pdftex.def Info: generated_pictures/abc_contact_map.pdf used on input l
ine 1037.
(pdftex.def)             Requested size: 124.46469pt x 97.3635pt.
 <xymatrix
<generated_pictures/link_a_b.pdf, id=703, 110.4125pt x 31.11626pt>
File: generated_pictures/link_a_b.pdf Graphic file (type pdf)

<use generated_pictures/link_a_b.pdf>
Package pdftex.def Info: generated_pictures/link_a_b.pdf used on input line 107
1.
(pdftex.def)             Requested size: 110.41222pt x 31.11617pt.

<generated_pictures/link_b_c.pdf, id=704, 110.4125pt x 31.11626pt>
File: generated_pictures/link_b_c.pdf Graphic file (type pdf)

<use generated_pictures/link_b_c.pdf>
Package pdftex.def Info: generated_pictures/link_b_c.pdf used on input line 107
1.
(pdftex.def)             Requested size: 110.41222pt x 31.11617pt.

<generated_pictures/link_c_b.pdf, id=705, 110.4125pt x 31.11626pt>
File: generated_pictures/link_c_b.pdf Graphic file (type pdf)

<use generated_pictures/link_c_b.pdf>
Package pdftex.def Info: generated_pictures/link_c_b.pdf used on input line 107
1.
(pdftex.def)             Requested size: 110.41222pt x 31.11617pt.

<generated_pictures/link_c_a.pdf, id=706, 110.4125pt x 31.11626pt>
File: generated_pictures/link_c_a.pdf Graphic file (type pdf)

<use generated_pictures/link_c_a.pdf>
Package pdftex.def Info: generated_pictures/link_c_a.pdf used on input line 107
1.
(pdftex.def)             Requested size: 110.41222pt x 31.11617pt.

<generated_pictures/link_a_c.pdf, id=707, 110.4125pt x 31.11626pt>
File: generated_pictures/link_a_c.pdf Graphic file (type pdf)

<use generated_pictures/link_a_c.pdf>
Package pdftex.def Info: generated_pictures/link_a_c.pdf used on input line 107
1.
(pdftex.def)             Requested size: 110.41222pt x 31.11617pt.

<generated_pictures/link_b_a.pdf, id=708, 110.4125pt x 31.11626pt>
File: generated_pictures/link_b_a.pdf Graphic file (type pdf)

<use generated_pictures/link_b_a.pdf>
Package pdftex.def Info: generated_pictures/link_b_a.pdf used on input line 107
1.
(pdftex.def)             Requested size: 110.41222pt x 31.11617pt.
 7x2
File: generated_pictures/link_a_b.pdf Graphic file (type pdf)

<use generated_pictures/link_a_b.pdf>
Package pdftex.def Info: generated_pictures/link_a_b.pdf used on input line 107
1.
(pdftex.def)             Requested size: 110.41222pt x 31.11617pt.
File: generated_pictures/link_b_c.pdf Graphic file (type pdf)
 <use generated_pictures/link_b_c.pdf>
Package pdftex.def Info: generated_pictures/link_b_c.pdf used on input line 107
1.
(pdftex.def)             Requested size: 110.41222pt x 31.11617pt.
File: generated_pictures/link_c_b.pdf Graphic file (type pdf)

<use generated_pictures/link_c_b.pdf>
Package pdftex.def Info: generated_pictures/link_c_b.pdf used on input line 107
1.
(pdftex.def)             Requested size: 110.41222pt x 31.11617pt.
File: generated_pictures/link_c_a.pdf Graphic file (type pdf)
 <use generated_pictures/link_c_a.pdf>
Package pdftex.def Info: generated_pictures/link_c_a.pdf used on input line 107
1.
(pdftex.def)             Requested size: 110.41222pt x 31.11617pt.
File: generated_pictures/link_a_c.pdf Graphic file (type pdf)

<use generated_pictures/link_a_c.pdf>
Package pdftex.def Info: generated_pictures/link_a_c.pdf used on input line 107
1.
(pdftex.def)             Requested size: 110.41222pt x 31.11617pt.
File: generated_pictures/link_b_a.pdf Graphic file (type pdf)
 <use generated_pictures/link_b_a.pdf>
Package pdftex.def Info: generated_pictures/link_b_a.pdf used on input line 107
1.
(pdftex.def)             Requested size: 110.41222pt x 31.11617pt.
File: generated_pictures/link_a_b.pdf Graphic file (type pdf)

<use generated_pictures/link_a_b.pdf>
Package pdftex.def Info: generated_pictures/link_a_b.pdf used on input line 107
1.
(pdftex.def)             Requested size: 110.41222pt x 31.11617pt.
File: generated_pictures/link_b_c.pdf Graphic file (type pdf)
 <use generated_pictures/link_b_c.pdf>
Package pdftex.def Info: generated_pictures/link_b_c.pdf used on input line 107
1.
(pdftex.def)             Requested size: 110.41222pt x 31.11617pt.
File: generated_pictures/link_c_b.pdf Graphic file (type pdf)

<use generated_pictures/link_c_b.pdf>
Package pdftex.def Info: generated_pictures/link_c_b.pdf used on input line 107
1.
(pdftex.def)             Requested size: 110.41222pt x 31.11617pt.
File: generated_pictures/link_c_a.pdf Graphic file (type pdf)
 <use generated_pictures/link_c_a.pdf>
Package pdftex.def Info: generated_pictures/link_c_a.pdf used on input line 107
1.
(pdftex.def)             Requested size: 110.41222pt x 31.11617pt.
File: generated_pictures/link_a_c.pdf Graphic file (type pdf)

<use generated_pictures/link_a_c.pdf>
Package pdftex.def Info: generated_pictures/link_a_c.pdf used on input line 107
1.
(pdftex.def)             Requested size: 110.41222pt x 31.11617pt.
File: generated_pictures/link_b_a.pdf Graphic file (type pdf)
 <use generated_pictures/link_b_a.pdf>
Package pdftex.def Info: generated_pictures/link_b_a.pdf used on input line 107
1.
(pdftex.def)             Requested size: 110.41222pt x 31.11617pt.

258>
File: generated_pictures/contact_map.pdf Graphic file (type pdf)
 <use generated_pictures/contact_map.pdf>
Package pdftex.def Info: generated_pictures/contact_map.pdf used on input line 
1082.
(pdftex.def)             Requested size: 330.23293pt x 273.01933pt.
 <xymatrix
<generated_pictures/sos_grb2.pdf, id=711, 210.7875pt x 54.2025pt>
File: generated_pictures/sos_grb2.pdf Graphic file (type pdf)

<use generated_pictures/sos_grb2.pdf>
Package pdftex.def Info: generated_pictures/sos_grb2.pdf used on input line 114
9.
(pdftex.def)             Requested size: 210.78699pt x 54.20236pt.

<generated_pictures/grb2_shc.pdf, id=712, 210.7875pt x 54.2025pt>
File: generated_pictures/grb2_shc.pdf Graphic file (type pdf)

<use generated_pictures/grb2_shc.pdf>
Package pdftex.def Info: generated_pictures/grb2_shc.pdf used on input line 114
9.
(pdftex.def)             Requested size: 210.78699pt x 54.20236pt.

<generated_pictures/egf_egfr.pdf, id=713, 203.76125pt x 67.25125pt>
File: generated_pictures/egf_egfr.pdf Graphic file (type pdf)

<use generated_pictures/egf_egfr.pdf>
Package pdftex.def Info: generated_pictures/egf_egfr.pdf used on input line 114
9.
(pdftex.def)             Requested size: 203.76074pt x 67.25107pt.

<generated_pictures/grb2_egfr.pdf, id=714, 210.7875pt x 67.25125pt>
File: generated_pictures/grb2_egfr.pdf Graphic file (type pdf)

<use generated_pictures/grb2_egfr.pdf>
Package pdftex.def Info: generated_pictures/grb2_egfr.pdf used on input line 11
49.
(pdftex.def)             Requested size: 210.78699pt x 67.25107pt.

<generated_pictures/shc_egfr.pdf, id=715, 210.7875pt x 67.25125pt>
File: generated_pictures/shc_egfr.pdf Graphic file (type pdf)

<use generated_pictures/shc_egfr.pdf>
Package pdftex.def Info: generated_pictures/shc_egfr.pdf used on input line 114
9.
(pdftex.def)             Requested size: 210.78699pt x 67.25107pt.

<generated_pictures/egfr_egfr_c.pdf, id=716, 210.7875pt x 67.25125pt>
File: generated_pictures/egfr_egfr_c.pdf Graphic file (type pdf)

<use generated_pictures/egfr_egfr_c.pdf>
Package pdftex.def Info: generated_pictures/egfr_egfr_c.pdf used on input line 
1149.
(pdftex.def)             Requested size: 210.78699pt x 67.25107pt.
File: generated_pictures/egfr_egfr_r.pdf Graphic file (type pdf)

<use generated_pictures/egfr_egfr_r.pdf>
Package pdftex.def Info: generated_pictures/egfr_egfr_r.pdf used on input line 
1149.
(pdftex.def)             Requested size: 210.78699pt x 67.25107pt.

<generated_pictures/egfr_egfr_n.pdf, id=717, 210.7875pt x 67.25125pt>
File: generated_pictures/egfr_egfr_n.pdf Graphic file (type pdf)

<use generated_pictures/egfr_egfr_n.pdf>
Package pdftex.def Info: generated_pictures/egfr_egfr_n.pdf used on input line 
1149.
(pdftex.def)             Requested size: 210.78699pt x 67.25107pt.

<generated_pictures/egfr_egf.pdf, id=718, 203.76125pt x 67.25125pt>
File: generated_pictures/egfr_egf.pdf Graphic file (type pdf)

<use generated_pictures/egfr_egf.pdf>
Package pdftex.def Info: generated_pictures/egfr_egf.pdf used on input line 114
9.
(pdftex.def)             Requested size: 203.76074pt x 67.25107pt.

<generated_pictures/egfr_shc.pdf, id=719, 210.7875pt x 67.25125pt>
File: generated_pictures/egfr_shc.pdf Graphic file (type pdf)

<use generated_pictures/egfr_shc.pdf>
Package pdftex.def Info: generated_pictures/egfr_shc.pdf used on input line 114
9.
(pdftex.def)             Requested size: 210.78699pt x 67.25107pt.

<generated_pictures/egfr_grb2.pdf, id=720, 210.7875pt x 67.25125pt>
File: generated_pictures/egfr_grb2.pdf Graphic file (type pdf)

<use generated_pictures/egfr_grb2.pdf>
Package pdftex.def Info: generated_pictures/egfr_grb2.pdf used on input line 11
49.
(pdftex.def)             Requested size: 210.78699pt x 67.25107pt.

<generated_pictures/shc_grb2.pdf, id=721, 210.7875pt x 54.2025pt>
File: generated_pictures/shc_grb2.pdf Graphic file (type pdf)

<use generated_pictures/shc_grb2.pdf>
Package pdftex.def Info: generated_pictures/shc_grb2.pdf used on input line 114
9.
(pdftex.def)             Requested size: 210.78699pt x 54.20236pt.

<generated_pictures/grb2_sos.pdf, id=722, 210.7875pt x 54.2025pt>
File: generated_pictures/grb2_sos.pdf Graphic file (type pdf)

<use generated_pictures/grb2_sos.pdf>
Package pdftex.def Info: generated_pictures/grb2_sos.pdf used on input line 114
9.
(pdftex.def)             Requested size: 210.78699pt x 54.20236pt.
 8x5
File: generated_pictures/sos_grb2.pdf Graphic file (type pdf)

<use generated_pictures/sos_grb2.pdf>
Package pdftex.def Info: generated_pictures/sos_grb2.pdf used on input line 114
9.
(pdftex.def)             Requested size: 210.78699pt x 54.20236pt.
File: generated_pictures/grb2_shc.pdf Graphic file (type pdf)
 <use generated_pictures/grb2_shc.pdf>
Package pdftex.def Info: generated_pictures/grb2_shc.pdf used on input line 114
9.
(pdftex.def)             Requested size: 210.78699pt x 54.20236pt.
File: generated_pictures/egf_egfr.pdf Graphic file (type pdf)

<use generated_pictures/egf_egfr.pdf>
Package pdftex.def Info: generated_pictures/egf_egfr.pdf used on input line 114
9.
(pdftex.def)             Requested size: 203.76074pt x 67.25107pt.
File: generated_pictures/grb2_egfr.pdf Graphic file (type pdf)
 <use generated_pictures/grb2_egfr.pdf>
Package pdftex.def Info: generated_pictures/grb2_egfr.pdf used on input line 11
49.
(pdftex.def)             Requested size: 210.78699pt x 67.25107pt.
File: generated_pictures/shc_egfr.pdf Graphic file (type pdf)

<use generated_pictures/shc_egfr.pdf>
Package pdftex.def Info: generated_pictures/shc_egfr.pdf used on input line 114
9.
(pdftex.def)             Requested size: 210.78699pt x 67.25107pt.
File: generated_pictures/egfr_egfr_c.pdf Graphic file (type pdf)
 <use generated_pictures/egfr_egfr_c.pdf>
Package pdftex.def Info: generated_pictures/egfr_egfr_c.pdf used on input line 
1149.
(pdftex.def)             Requested size: 210.78699pt x 67.25107pt.
File: generated_pictures/egfr_egfr_r.pdf Graphic file (type pdf)

<use generated_pictures/egfr_egfr_r.pdf>
Package pdftex.def Info: generated_pictures/egfr_egfr_r.pdf used on input line 
1149.
(pdftex.def)             Requested size: 210.78699pt x 67.25107pt.
File: generated_pictures/egfr_egfr_n.pdf Graphic file (type pdf)

<use generated_pictures/egfr_egfr_n.pdf>
Package pdftex.def Info: generated_pictures/egfr_egfr_n.pdf used on input line 
1149.
(pdftex.def)             Requested size: 210.78699pt x 67.25107pt.
File: generated_pictures/egfr_egf.pdf Graphic file (type pdf)
 <use generated_pictures/egfr_egf.pdf>
Package pdftex.def Info: generated_pictures/egfr_egf.pdf used on input line 114
9.
(pdftex.def)             Requested size: 203.76074pt x 67.25107pt.
File: generated_pictures/egfr_shc.pdf Graphic file (type pdf)

<use generated_pictures/egfr_shc.pdf>
Package pdftex.def Info: generated_pictures/egfr_shc.pdf used on input line 114
9.
(pdftex.def)             Requested size: 210.78699pt x 67.25107pt.
File: generated_pictures/egfr_grb2.pdf Graphic file (type pdf)
 <use generated_pictures/egfr_grb2.pdf>
Package pdftex.def Info: generated_pictures/egfr_grb2.pdf used on input line 11
49.
(pdftex.def)             Requested size: 210.78699pt x 67.25107pt.
File: generated_pictures/shc_grb2.pdf Graphic file (type pdf)

<use generated_pictures/shc_grb2.pdf>
Package pdftex.def Info: generated_pictures/shc_grb2.pdf used on input line 114
9.
(pdftex.def)             Requested size: 210.78699pt x 54.20236pt.
File: generated_pictures/grb2_sos.pdf Graphic file (type pdf)
 <use generated_pictures/grb2_sos.pdf>
Package pdftex.def Info: generated_pictures/grb2_sos.pdf used on input line 114
9.
(pdftex.def)             Requested size: 210.78699pt x 54.20236pt.
File: generated_pictures/sos_grb2.pdf Graphic file (type pdf)

<use generated_pictures/sos_grb2.pdf>
Package pdftex.def Info: generated_pictures/sos_grb2.pdf used on input line 114
9.
(pdftex.def)             Requested size: 210.78699pt x 54.20236pt.
File: generated_pictures/grb2_shc.pdf Graphic file (type pdf)
 <use generated_pictures/grb2_shc.pdf>
Package pdftex.def Info: generated_pictures/grb2_shc.pdf used on input line 114
9.
(pdftex.def)             Requested size: 210.78699pt x 54.20236pt.
File: generated_pictures/egf_egfr.pdf Graphic file (type pdf)

<use generated_pictures/egf_egfr.pdf>
Package pdftex.def Info: generated_pictures/egf_egfr.pdf used on input line 114
9.
(pdftex.def)             Requested size: 203.76074pt x 67.25107pt.
File: generated_pictures/grb2_egfr.pdf Graphic file (type pdf)
 <use generated_pictures/grb2_egfr.pdf>
Package pdftex.def Info: generated_pictures/grb2_egfr.pdf used on input line 11
49.
(pdftex.def)             Requested size: 210.78699pt x 67.25107pt.
File: generated_pictures/shc_egfr.pdf Graphic file (type pdf)

<use generated_pictures/shc_egfr.pdf>
Package pdftex.def Info: generated_pictures/shc_egfr.pdf used on input line 114
9.
(pdftex.def)             Requested size: 210.78699pt x 67.25107pt.
File: generated_pictures/egfr_egfr_c.pdf Graphic file (type pdf)
 <use generated_pictures/egfr_egfr_c.pdf>
Package pdftex.def Info: generated_pictures/egfr_egfr_c.pdf used on input line 
1149.
(pdftex.def)             Requested size: 210.78699pt x 67.25107pt.
File: generated_pictures/egfr_egfr_r.pdf Graphic file (type pdf)

<use generated_pictures/egfr_egfr_r.pdf>
Package pdftex.def Info: generated_pictures/egfr_egfr_r.pdf used on input line 
1149.
(pdftex.def)             Requested size: 210.78699pt x 67.25107pt.
File: generated_pictures/egfr_egfr_n.pdf Graphic file (type pdf)

<use generated_pictures/egfr_egfr_n.pdf>
Package pdftex.def Info: generated_pictures/egfr_egfr_n.pdf used on input line 
1149.
(pdftex.def)             Requested size: 210.78699pt x 67.25107pt.
File: generated_pictures/egfr_egf.pdf Graphic file (type pdf)
 <use generated_pictures/egfr_egf.pdf>
Package pdftex.def Info: generated_pictures/egfr_egf.pdf used on input line 114
9.
(pdftex.def)             Requested size: 203.76074pt x 67.25107pt.
File: generated_pictures/egfr_shc.pdf Graphic file (type pdf)

<use generated_pictures/egfr_shc.pdf>
Package pdftex.def Info: generated_pictures/egfr_shc.pdf used on input line 114
9.
(pdftex.def)             Requested size: 210.78699pt x 67.25107pt.
File: generated_pictures/egfr_grb2.pdf Graphic file (type pdf)
 <use generated_pictures/egfr_grb2.pdf>
Package pdftex.def Info: generated_pictures/egfr_grb2.pdf used on input line 11
49.
(pdftex.def)             Requested size: 210.78699pt x 67.25107pt.
File: generated_pictures/shc_grb2.pdf Graphic file (type pdf)

<use generated_pictures/shc_grb2.pdf>
Package pdftex.def Info: generated_pictures/shc_grb2.pdf used on input line 114
9.
(pdftex.def)             Requested size: 210.78699pt x 54.20236pt.
File: generated_pictures/grb2_sos.pdf Graphic file (type pdf)
 <use generated_pictures/grb2_sos.pdf>
Package pdftex.def Info: generated_pictures/grb2_sos.pdf used on input line 114
9.
(pdftex.def)             Requested size: 210.78699pt x 54.20236pt.

1424>
Overfull \hbox (16.32947pt too wide) in paragraph at lines 1082--1153
[][][][] 
 []

<xymatrix
File: generated_pictures/egfr_egfr_c.pdf Graphic file (type pdf)
 <use generated_pictures/egfr_egfr_c.pdf>
Package pdftex.def Info: generated_pictures/egfr_egfr_c.pdf used on input line 
1174.
(pdftex.def)             Requested size: 210.78699pt x 67.25107pt.
File: generated_pictures/egfr_egfr_r.pdf Graphic file (type pdf)

<use generated_pictures/egfr_egfr_r.pdf>
Package pdftex.def Info: generated_pictures/egfr_egfr_r.pdf used on input line 
1174.
(pdftex.def)             Requested size: 210.78699pt x 67.25107pt.
File: generated_pictures/egfr_egfr_n.pdf Graphic file (type pdf)

<use generated_pictures/egfr_egfr_n.pdf>
Package pdftex.def Info: generated_pictures/egfr_egfr_n.pdf used on input line 
1174.
(pdftex.def)             Requested size: 210.78699pt x 67.25107pt.
 7x1
File: generated_pictures/egfr_egfr_c.pdf Graphic file (type pdf)

<use generated_pictures/egfr_egfr_c.pdf>
Package pdftex.def Info: generated_pictures/egfr_egfr_c.pdf used on input line 
1174.
(pdftex.def)             Requested size: 210.78699pt x 67.25107pt.
File: generated_pictures/egfr_egfr_r.pdf Graphic file (type pdf)

<use generated_pictures/egfr_egfr_r.pdf>
Package pdftex.def Info: generated_pictures/egfr_egfr_r.pdf used on input line 
1174.
(pdftex.def)             Requested size: 210.78699pt x 67.25107pt.
File: generated_pictures/egfr_egfr_n.pdf Graphic file (type pdf)

<use generated_pictures/egfr_egfr_n.pdf>
Package pdftex.def Info: generated_pictures/egfr_egfr_n.pdf used on input line 
1174.
(pdftex.def)             Requested size: 210.78699pt x 67.25107pt.
File: generated_pictures/egfr_egfr_c.pdf Graphic file (type pdf)

<use generated_pictures/egfr_egfr_c.pdf>
Package pdftex.def Info: generated_pictures/egfr_egfr_c.pdf used on input line 
1174.
(pdftex.def)             Requested size: 210.78699pt x 67.25107pt.
File: generated_pictures/egfr_egfr_r.pdf Graphic file (type pdf)

<use generated_pictures/egfr_egfr_r.pdf>
Package pdftex.def Info: generated_pictures/egfr_egfr_r.pdf used on input line 
1174.
(pdftex.def)             Requested size: 210.78699pt x 67.25107pt.
File: generated_pictures/egfr_egfr_n.pdf Graphic file (type pdf)

<use generated_pictures/egfr_egfr_n.pdf>
Package pdftex.def Info: generated_pictures/egfr_egfr_n.pdf used on input line 
1174.
(pdftex.def)             Requested size: 210.78699pt x 67.25107pt.
 278> [17 <./generated_pictures/link_a_b.pdf> <./generated_pictures/link_b_c.pd
f> <./generated_pictures/link_c_b.pdf> <./generated_pictures/link_c_a.pdf> <./g
enerated_pictures/link_a_c.pdf> <./generated_pictures/link_b_a.pdf>]
<generated_pictures/egfr_r_c.pdf, id=778, 340.27126pt x 67.25125pt>
File: generated_pictures/egfr_r_c.pdf Graphic file (type pdf)

<use generated_pictures/egfr_r_c.pdf>
Package pdftex.def Info: generated_pictures/egfr_r_c.pdf used on input line 118
6.
(pdftex.def)             Requested size: 340.27042pt x 67.25107pt.

<generated_pictures/egfr_r_n.pdf, id=779, 340.27126pt x 67.25125pt>
File: generated_pictures/egfr_r_n.pdf Graphic file (type pdf)

<use generated_pictures/egfr_r_n.pdf>
Package pdftex.def Info: generated_pictures/egfr_r_n.pdf used on input line 118
6.
(pdftex.def)             Requested size: 340.27042pt x 67.25107pt.

<generated_pictures/egfr_n_c.pdf, id=780, 340.27126pt x 67.25125pt>
File: generated_pictures/egfr_n_c.pdf Graphic file (type pdf)

<use generated_pictures/egfr_n_c.pdf>
Package pdftex.def Info: generated_pictures/egfr_n_c.pdf used on input line 118
6.
(pdftex.def)             Requested size: 340.27042pt x 67.25107pt.
File: generated_pictures/abc_pattern.pdf Graphic file (type pdf)
 <use generated_pictures/abc_pattern.pdf>
Package pdftex.def Info: generated_pictures/abc_pattern.pdf used on input line 
1193.
(pdftex.def)             Requested size: 254.95186pt x 31.11617pt.

[18 <./generated_pictures/sos_grb2.pdf> <./generated_pictures/grb2_shc.pdf> <./
generated_pictures/egf_egfr.pdf> <./generated_pictures/grb2_egfr.pdf> <./genera
ted_pictures/shc_egfr.pdf> <./generated_pictures/egfr_egfr_c.pdf> <./generated_
pictures/egfr_egfr_n.pdf> <./generated_pictures/egfr_egf.pdf> <./generated_pict
ures/egfr_shc.pdf> <./generated_pictures/egfr_grb2.pdf> <./generated_pictures/s
hc_grb2.pdf> <./generated_pictures/grb2_sos.pdf> <./generated_pictures/egfr_r_c
.pdf> <./generated_pictures/egfr_r_n.pdf> <./generated_pictures/egfr_n_c.pdf>]
Underfull \hbox (badness 10000) in paragraph at lines 1201--1202
[]\OT1/cmr/m/it/10.95 The in-
 []

File: generated_pictures/egfr_egfr_c.pdf Graphic file (type pdf)
<use generated_pictures/egfr_egfr_c.pdf>
Package pdftex.def Info: generated_pictures/egfr_egfr_c.pdf used on input line 
1224.
(pdftex.def)             Requested size: 210.78699pt x 67.25107pt.

<generated_pictures/egfr_egfr_egfr_bis.pdf, id=870, 406.51875pt x 74.2775pt>
File: generated_pictures/egfr_egfr_egfr_bis.pdf Graphic file (type pdf)

<use generated_pictures/egfr_egfr_egfr_bis.pdf>
Package pdftex.def Info: generated_pictures/egfr_egfr_egfr_bis.pdf used on inpu
t line 1227.
(pdftex.def)             Requested size: 406.51775pt x 74.27731pt.
File: generated_pictures/egfr_egfr_egfr_bis.pdf Graphic file (type pdf)

<use generated_pictures/egfr_egfr_egfr_bis.pdf>
Package pdftex.def Info: generated_pictures/egfr_egfr_egfr_bis.pdf used on inpu
t line 1227.
(pdftex.def)             Requested size: 406.51775pt x 74.27731pt.
File: generated_pictures/egfr_egfr_r.pdf Graphic file (type pdf)

<use generated_pictures/egfr_egfr_r.pdf>
Package pdftex.def Info: generated_pictures/egfr_egfr_r.pdf used on input line 
1230.
(pdftex.def)             Requested size: 210.78699pt x 67.25107pt.
 [19 <./generated_pictures/egfr_egfr_egfr_bis.pdf>]
File: generated_pictures/link_b_c.pdf Graphic file (type pdf)
 <use generated_pictures/link_b_c.pdf>
Package pdftex.def Info: generated_pictures/link_b_c.pdf used on input line 125
1.
(pdftex.def)             Requested size: 110.41222pt x 31.11617pt.
File: generated_pictures/link_b_c.pdf Graphic file (type pdf)

<use generated_pictures/link_b_c.pdf>
Package pdftex.def Info: generated_pictures/link_b_c.pdf used on input line 125
7.
(pdftex.def)             Requested size: 110.41222pt x 31.11617pt.

<generated_pictures/abc_pattern_bca.pdf, id=885, 182.6825pt x 31.11626pt>
File: generated_pictures/abc_pattern_bca.pdf Graphic file (type pdf)

<use generated_pictures/abc_pattern_bca.pdf>
Package pdftex.def Info: generated_pictures/abc_pattern_bca.pdf used on input l
ine 1260.
(pdftex.def)             Requested size: 182.68204pt x 31.11617pt.
File: generated_pictures/abc_pattern_bca.pdf Graphic file (type pdf)

<use generated_pictures/abc_pattern_bca.pdf>
Package pdftex.def Info: generated_pictures/abc_pattern_bca.pdf used on input l
ine 1260.
(pdftex.def)             Requested size: 182.68204pt x 31.11617pt.
File: generated_pictures/link_c_a.pdf Graphic file (type pdf)

<use generated_pictures/link_c_a.pdf>
Package pdftex.def Info: generated_pictures/link_c_a.pdf used on input line 126
3.
(pdftex.def)             Requested size: 110.41222pt x 31.11617pt.
File: generated_pictures/link_a_b.pdf Graphic file (type pdf)
 <use generated_pictures/link_a_b.pdf>
Package pdftex.def Info: generated_pictures/link_a_b.pdf used on input line 127
1.
(pdftex.def)             Requested size: 110.41222pt x 31.11617pt.
File: generated_pictures/abc_pattern_a.pdf Graphic file (type pdf)

<use generated_pictures/abc_pattern_a.pdf>
Package pdftex.def Info: generated_pictures/abc_pattern_a.pdf used on input lin
e 1274.
(pdftex.def)             Requested size: 195.73076pt x 35.13115pt.

Overfull \hbox (1.81432pt too wide) in paragraph at lines 1274--1274
[][] 
 []

File: generated_pictures/abc_pattern_a.pdf Graphic file (type pdf)
<use generated_pictures/abc_pattern_a.pdf>
Package pdftex.def Info: generated_pictures/abc_pattern_a.pdf used on input lin
e 1274.
(pdftex.def)             Requested size: 195.73076pt x 35.13115pt.

Overfull \hbox (1.81432pt too wide) in paragraph at lines 1274--1274
[][] 
 []

File: generated_pictures/link_b_c.pdf Graphic file (type pdf)
<use generated_pictures/link_b_c.pdf>
Package pdftex.def Info: generated_pictures/link_b_c.pdf used on input line 127
8.
(pdftex.def)             Requested size: 110.41222pt x 31.11617pt.
File: generated_pictures/link_a_b.pdf Graphic file (type pdf)
 <use generated_pictures/link_a_b.pdf>
Package pdftex.def Info: generated_pictures/link_a_b.pdf used on input line 128
6.
(pdftex.def)             Requested size: 110.41222pt x 31.11617pt.
File: generated_pictures/abc_pattern.pdf Graphic file (type pdf)

<use generated_pictures/abc_pattern.pdf>
Package pdftex.def Info: generated_pictures/abc_pattern.pdf used on input line 
1289.
(pdftex.def)             Requested size: 254.95186pt x 31.11617pt.
File: generated_pictures/abc_pattern.pdf Graphic file (type pdf)

<use generated_pictures/abc_pattern.pdf>
Package pdftex.def Info: generated_pictures/abc_pattern.pdf used on input line 
1289.
(pdftex.def)             Requested size: 254.95186pt x 31.11617pt.
File: generated_pictures/link_c_a.pdf Graphic file (type pdf)
 <use generated_pictures/link_c_a.pdf>
Package pdftex.def Info: generated_pictures/link_c_a.pdf used on input line 129
2.
(pdftex.def)             Requested size: 110.41222pt x 31.11617pt.
File: generated_pictures/abc_pattern.pdf Graphic file (type pdf)

<use generated_pictures/abc_pattern.pdf>
Package pdftex.def Info: generated_pictures/abc_pattern.pdf used on input line 
1299.
(pdftex.def)             Requested size: 254.95186pt x 31.11617pt.
File: generated_pictures/link_a_c.pdf Graphic file (type pdf)
 <use generated_pictures/link_a_c.pdf>
Package pdftex.def Info: generated_pictures/link_a_c.pdf used on input line 130
9.
(pdftex.def)             Requested size: 110.41222pt x 31.11617pt.

<generated_pictures/abc_pattern_acb.pdf, id=886, 182.6825pt x 31.11626pt>
File: generated_pictures/abc_pattern_acb.pdf Graphic file (type pdf)

<use generated_pictures/abc_pattern_acb.pdf>
Package pdftex.def Info: generated_pictures/abc_pattern_acb.pdf used on input l
ine 1312.
(pdftex.def)             Requested size: 182.68204pt x 31.11617pt.
File: generated_pictures/abc_pattern_acb.pdf Graphic file (type pdf)

<use generated_pictures/abc_pattern_acb.pdf>
Package pdftex.def Info: generated_pictures/abc_pattern_acb.pdf used on input l
ine 1312.
(pdftex.def)             Requested size: 182.68204pt x 31.11617pt.
File: generated_pictures/link_c_b.pdf Graphic file (type pdf)

<use generated_pictures/link_c_b.pdf>
Package pdftex.def Info: generated_pictures/link_c_b.pdf used on input line 131
6.
(pdftex.def)             Requested size: 110.41222pt x 31.11617pt.
File: generated_pictures/link_a_c.pdf Graphic file (type pdf)
 <use generated_pictures/link_a_c.pdf>
Package pdftex.def Info: generated_pictures/link_a_c.pdf used on input line 132
4.
(pdftex.def)             Requested size: 110.41222pt x 31.11617pt.

<generated_pictures/abc_pattern_acba.pdf, id=887, 254.9525pt x 31.11626pt>
File: generated_pictures/abc_pattern_acba.pdf Graphic file (type pdf)

<use generated_pictures/abc_pattern_acba.pdf>
Package pdftex.def Info: generated_pictures/abc_pattern_acba.pdf used on input 
line 1327.
(pdftex.def)             Requested size: 254.95186pt x 31.11617pt.
File: generated_pictures/abc_pattern_acba.pdf Graphic file (type pdf)

<use generated_pictures/abc_pattern_acba.pdf>
Package pdftex.def Info: generated_pictures/abc_pattern_acba.pdf used on input 
line 1327.
(pdftex.def)             Requested size: 254.95186pt x 31.11617pt.
File: generated_pictures/link_b_a.pdf Graphic file (type pdf)

<use generated_pictures/link_b_a.pdf>
Package pdftex.def Info: generated_pictures/link_b_a.pdf used on input line 133
0.
(pdftex.def)             Requested size: 110.41222pt x 31.11617pt.
File: generated_pictures/abc_pattern_acba.pdf Graphic file (type pdf)

<use generated_pictures/abc_pattern_acba.pdf>
Package pdftex.def Info: generated_pictures/abc_pattern_acba.pdf used on input 
line 1336.
(pdftex.def)             Requested size: 254.95186pt x 31.11617pt.
File: generated_pictures/abc_pattern.pdf Graphic file (type pdf)

<use generated_pictures/abc_pattern.pdf>
Package pdftex.def Info: generated_pictures/abc_pattern.pdf used on input line 
1340.
(pdftex.def)             Requested size: 254.95186pt x 31.11617pt.
 [20 <./generated_pictures/abc_pattern_bca.pdf> <./generated_pictures/abc_patte
rn_acb.pdf> <./generated_pictures/abc_pattern_acba.pdf>]
File: generated_pictures/abc_contact_map.pdf Graphic file (type pdf)
 <use generated_pictures/abc_contact_map.pdf>
Package pdftex.def Info: generated_pictures/abc_contact_map.pdf used on input l
ine 1366.
(pdftex.def)             Requested size: 124.46469pt x 97.3635pt.
 <xymatrix
File: generated_pictures/link_a_b.pdf Graphic file (type pdf)

<use generated_pictures/link_a_b.pdf>
Package pdftex.def Info: generated_pictures/link_a_b.pdf used on input line 140
0.
(pdftex.def)             Requested size: 110.41222pt x 31.11617pt.
File: generated_pictures/link_b_c.pdf Graphic file (type pdf)
 <use generated_pictures/link_b_c.pdf>
Package pdftex.def Info: generated_pictures/link_b_c.pdf used on input line 140
0.
(pdftex.def)             Requested size: 110.41222pt x 31.11617pt.
File: generated_pictures/link_c_b.pdf Graphic file (type pdf)

<use generated_pictures/link_c_b.pdf>
Package pdftex.def Info: generated_pictures/link_c_b.pdf used on input line 140
0.
(pdftex.def)             Requested size: 110.41222pt x 31.11617pt.
File: generated_pictures/link_c_a.pdf Graphic file (type pdf)
 <use generated_pictures/link_c_a.pdf>
Package pdftex.def Info: generated_pictures/link_c_a.pdf used on input line 140
0.
(pdftex.def)             Requested size: 110.41222pt x 31.11617pt.
File: generated_pictures/link_a_c.pdf Graphic file (type pdf)

<use generated_pictures/link_a_c.pdf>
Package pdftex.def Info: generated_pictures/link_a_c.pdf used on input line 140
0.
(pdftex.def)             Requested size: 110.41222pt x 31.11617pt.
File: generated_pictures/link_b_a.pdf Graphic file (type pdf)
 <use generated_pictures/link_b_a.pdf>
Package pdftex.def Info: generated_pictures/link_b_a.pdf used on input line 140
0.
(pdftex.def)             Requested size: 110.41222pt x 31.11617pt.

7x2
File: generated_pictures/link_a_b.pdf Graphic file (type pdf)
 <use generated_pictures/link_a_b.pdf>
Package pdftex.def Info: generated_pictures/link_a_b.pdf used on input line 140
0.
(pdftex.def)             Requested size: 110.41222pt x 31.11617pt.
File: generated_pictures/link_b_c.pdf Graphic file (type pdf)

<use generated_pictures/link_b_c.pdf>
Package pdftex.def Info: generated_pictures/link_b_c.pdf used on input line 140
0.
(pdftex.def)             Requested size: 110.41222pt x 31.11617pt.
File: generated_pictures/link_c_b.pdf Graphic file (type pdf)
 <use generated_pictures/link_c_b.pdf>
Package pdftex.def Info: generated_pictures/link_c_b.pdf used on input line 140
0.
(pdftex.def)             Requested size: 110.41222pt x 31.11617pt.
File: generated_pictures/link_c_a.pdf Graphic file (type pdf)

<use generated_pictures/link_c_a.pdf>
Package pdftex.def Info: generated_pictures/link_c_a.pdf used on input line 140
0.
(pdftex.def)             Requested size: 110.41222pt x 31.11617pt.
File: generated_pictures/link_a_c.pdf Graphic file (type pdf)
 <use generated_pictures/link_a_c.pdf>
Package pdftex.def Info: generated_pictures/link_a_c.pdf used on input line 140
0.
(pdftex.def)             Requested size: 110.41222pt x 31.11617pt.
File: generated_pictures/link_b_a.pdf Graphic file (type pdf)

<use generated_pictures/link_b_a.pdf>
Package pdftex.def Info: generated_pictures/link_b_a.pdf used on input line 140
0.
(pdftex.def)             Requested size: 110.41222pt x 31.11617pt.
File: generated_pictures/link_a_b.pdf Graphic file (type pdf)
 <use generated_pictures/link_a_b.pdf>
Package pdftex.def Info: generated_pictures/link_a_b.pdf used on input line 140
0.
(pdftex.def)             Requested size: 110.41222pt x 31.11617pt.
File: generated_pictures/link_b_c.pdf Graphic file (type pdf)

<use generated_pictures/link_b_c.pdf>
Package pdftex.def Info: generated_pictures/link_b_c.pdf used on input line 140
0.
(pdftex.def)             Requested size: 110.41222pt x 31.11617pt.
File: generated_pictures/link_c_b.pdf Graphic file (type pdf)
 <use generated_pictures/link_c_b.pdf>
Package pdftex.def Info: generated_pictures/link_c_b.pdf used on input line 140
0.
(pdftex.def)             Requested size: 110.41222pt x 31.11617pt.
File: generated_pictures/link_c_a.pdf Graphic file (type pdf)

<use generated_pictures/link_c_a.pdf>
Package pdftex.def Info: generated_pictures/link_c_a.pdf used on input line 140
0.
(pdftex.def)             Requested size: 110.41222pt x 31.11617pt.
File: generated_pictures/link_a_c.pdf Graphic file (type pdf)
 <use generated_pictures/link_a_c.pdf>
Package pdftex.def Info: generated_pictures/link_a_c.pdf used on input line 140
0.
(pdftex.def)             Requested size: 110.41222pt x 31.11617pt.
File: generated_pictures/link_b_a.pdf Graphic file (type pdf)

<use generated_pictures/link_b_a.pdf>
Package pdftex.def Info: generated_pictures/link_b_a.pdf used on input line 140
0.
(pdftex.def)             Requested size: 110.41222pt x 31.11617pt.
 190>
File: generated_pictures/contact_map.pdf Graphic file (type pdf)

<use generated_pictures/contact_map.pdf>
Package pdftex.def Info: generated_pictures/contact_map.pdf used on input line 
1409.
(pdftex.def)             Requested size: 330.23293pt x 273.01933pt.
 <xymatrix
File: generated_pictures/sos_grb2.pdf Graphic file (type pdf)

<use generated_pictures/sos_grb2.pdf>
Package pdftex.def Info: generated_pictures/sos_grb2.pdf used on input line 147
2.
(pdftex.def)             Requested size: 210.78699pt x 54.20236pt.
File: generated_pictures/grb2_shc.pdf Graphic file (type pdf)
 <use generated_pictures/grb2_shc.pdf>
Package pdftex.def Info: generated_pictures/grb2_shc.pdf used on input line 147
2.
(pdftex.def)             Requested size: 210.78699pt x 54.20236pt.
File: generated_pictures/egf_egfr.pdf Graphic file (type pdf)

<use generated_pictures/egf_egfr.pdf>
Package pdftex.def Info: generated_pictures/egf_egfr.pdf used on input line 147
2.
(pdftex.def)             Requested size: 203.76074pt x 67.25107pt.
File: generated_pictures/grb2_egfr.pdf Graphic file (type pdf)
 <use generated_pictures/grb2_egfr.pdf>
Package pdftex.def Info: generated_pictures/grb2_egfr.pdf used on input line 14
72.
(pdftex.def)             Requested size: 210.78699pt x 67.25107pt.
File: generated_pictures/shc_egfr.pdf Graphic file (type pdf)

<use generated_pictures/shc_egfr.pdf>
Package pdftex.def Info: generated_pictures/shc_egfr.pdf used on input line 147
2.
(pdftex.def)             Requested size: 210.78699pt x 67.25107pt.
File: generated_pictures/egfr_egfr_c.pdf Graphic file (type pdf)
 <use generated_pictures/egfr_egfr_c.pdf>
Package pdftex.def Info: generated_pictures/egfr_egfr_c.pdf used on input line 
1472.
(pdftex.def)             Requested size: 210.78699pt x 67.25107pt.
File: generated_pictures/egfr_egfr_r.pdf Graphic file (type pdf)

<use generated_pictures/egfr_egfr_r.pdf>
Package pdftex.def Info: generated_pictures/egfr_egfr_r.pdf used on input line 
1472.
(pdftex.def)             Requested size: 210.78699pt x 67.25107pt.
File: generated_pictures/egfr_egfr_n.pdf Graphic file (type pdf)

<use generated_pictures/egfr_egfr_n.pdf>
Package pdftex.def Info: generated_pictures/egfr_egfr_n.pdf used on input line 
1472.
(pdftex.def)             Requested size: 210.78699pt x 67.25107pt.
File: generated_pictures/egfr_egf.pdf Graphic file (type pdf)
 <use generated_pictures/egfr_egf.pdf>
Package pdftex.def Info: generated_pictures/egfr_egf.pdf used on input line 147
2.
(pdftex.def)             Requested size: 203.76074pt x 67.25107pt.
File: generated_pictures/egfr_shc.pdf Graphic file (type pdf)

<use generated_pictures/egfr_shc.pdf>
Package pdftex.def Info: generated_pictures/egfr_shc.pdf used on input line 147
2.
(pdftex.def)             Requested size: 210.78699pt x 67.25107pt.
File: generated_pictures/egfr_grb2.pdf Graphic file (type pdf)
 <use generated_pictures/egfr_grb2.pdf>
Package pdftex.def Info: generated_pictures/egfr_grb2.pdf used on input line 14
72.
(pdftex.def)             Requested size: 210.78699pt x 67.25107pt.
File: generated_pictures/shc_grb2.pdf Graphic file (type pdf)

<use generated_pictures/shc_grb2.pdf>
Package pdftex.def Info: generated_pictures/shc_grb2.pdf used on input line 147
2.
(pdftex.def)             Requested size: 210.78699pt x 54.20236pt.
File: generated_pictures/grb2_sos.pdf Graphic file (type pdf)
 <use generated_pictures/grb2_sos.pdf>
Package pdftex.def Info: generated_pictures/grb2_sos.pdf used on input line 147
2.
(pdftex.def)             Requested size: 210.78699pt x 54.20236pt.

8x5
File: generated_pictures/sos_grb2.pdf Graphic file (type pdf)
 <use generated_pictures/sos_grb2.pdf>
Package pdftex.def Info: generated_pictures/sos_grb2.pdf used on input line 147
2.
(pdftex.def)             Requested size: 210.78699pt x 54.20236pt.
File: generated_pictures/grb2_shc.pdf Graphic file (type pdf)

<use generated_pictures/grb2_shc.pdf>
Package pdftex.def Info: generated_pictures/grb2_shc.pdf used on input line 147
2.
(pdftex.def)             Requested size: 210.78699pt x 54.20236pt.
File: generated_pictures/egf_egfr.pdf Graphic file (type pdf)
 <use generated_pictures/egf_egfr.pdf>
Package pdftex.def Info: generated_pictures/egf_egfr.pdf used on input line 147
2.
(pdftex.def)             Requested size: 203.76074pt x 67.25107pt.
File: generated_pictures/grb2_egfr.pdf Graphic file (type pdf)

<use generated_pictures/grb2_egfr.pdf>
Package pdftex.def Info: generated_pictures/grb2_egfr.pdf used on input line 14
72.
(pdftex.def)             Requested size: 210.78699pt x 67.25107pt.
File: generated_pictures/shc_egfr.pdf Graphic file (type pdf)
 <use generated_pictures/shc_egfr.pdf>
Package pdftex.def Info: generated_pictures/shc_egfr.pdf used on input line 147
2.
(pdftex.def)             Requested size: 210.78699pt x 67.25107pt.
File: generated_pictures/egfr_egfr_c.pdf Graphic file (type pdf)

<use generated_pictures/egfr_egfr_c.pdf>
Package pdftex.def Info: generated_pictures/egfr_egfr_c.pdf used on input line 
1472.
(pdftex.def)             Requested size: 210.78699pt x 67.25107pt.
File: generated_pictures/egfr_egfr_r.pdf Graphic file (type pdf)

<use generated_pictures/egfr_egfr_r.pdf>
Package pdftex.def Info: generated_pictures/egfr_egfr_r.pdf used on input line 
1472.
(pdftex.def)             Requested size: 210.78699pt x 67.25107pt.
File: generated_pictures/egfr_egfr_n.pdf Graphic file (type pdf)

<use generated_pictures/egfr_egfr_n.pdf>
Package pdftex.def Info: generated_pictures/egfr_egfr_n.pdf used on input line 
1472.
(pdftex.def)             Requested size: 210.78699pt x 67.25107pt.
File: generated_pictures/egfr_egf.pdf Graphic file (type pdf)
 <use generated_pictures/egfr_egf.pdf>
Package pdftex.def Info: generated_pictures/egfr_egf.pdf used on input line 147
2.
(pdftex.def)             Requested size: 203.76074pt x 67.25107pt.
File: generated_pictures/egfr_shc.pdf Graphic file (type pdf)

<use generated_pictures/egfr_shc.pdf>
Package pdftex.def Info: generated_pictures/egfr_shc.pdf used on input line 147
2.
(pdftex.def)             Requested size: 210.78699pt x 67.25107pt.
File: generated_pictures/egfr_grb2.pdf Graphic file (type pdf)
 <use generated_pictures/egfr_grb2.pdf>
Package pdftex.def Info: generated_pictures/egfr_grb2.pdf used on input line 14
72.
(pdftex.def)             Requested size: 210.78699pt x 67.25107pt.
File: generated_pictures/shc_grb2.pdf Graphic file (type pdf)

<use generated_pictures/shc_grb2.pdf>
Package pdftex.def Info: generated_pictures/shc_grb2.pdf used on input line 147
2.
(pdftex.def)             Requested size: 210.78699pt x 54.20236pt.
File: generated_pictures/grb2_sos.pdf Graphic file (type pdf)
 <use generated_pictures/grb2_sos.pdf>
Package pdftex.def Info: generated_pictures/grb2_sos.pdf used on input line 147
2.
(pdftex.def)             Requested size: 210.78699pt x 54.20236pt.
File: generated_pictures/sos_grb2.pdf Graphic file (type pdf)

<use generated_pictures/sos_grb2.pdf>
Package pdftex.def Info: generated_pictures/sos_grb2.pdf used on input line 147
2.
(pdftex.def)             Requested size: 210.78699pt x 54.20236pt.
File: generated_pictures/grb2_shc.pdf Graphic file (type pdf)
 <use generated_pictures/grb2_shc.pdf>
Package pdftex.def Info: generated_pictures/grb2_shc.pdf used on input line 147
2.
(pdftex.def)             Requested size: 210.78699pt x 54.20236pt.
File: generated_pictures/egf_egfr.pdf Graphic file (type pdf)

<use generated_pictures/egf_egfr.pdf>
Package pdftex.def Info: generated_pictures/egf_egfr.pdf used on input line 147
2.
(pdftex.def)             Requested size: 203.76074pt x 67.25107pt.
File: generated_pictures/grb2_egfr.pdf Graphic file (type pdf)
 <use generated_pictures/grb2_egfr.pdf>
Package pdftex.def Info: generated_pictures/grb2_egfr.pdf used on input line 14
72.
(pdftex.def)             Requested size: 210.78699pt x 67.25107pt.
File: generated_pictures/shc_egfr.pdf Graphic file (type pdf)

<use generated_pictures/shc_egfr.pdf>
Package pdftex.def Info: generated_pictures/shc_egfr.pdf used on input line 147
2.
(pdftex.def)             Requested size: 210.78699pt x 67.25107pt.
File: generated_pictures/egfr_egfr_c.pdf Graphic file (type pdf)
 <use generated_pictures/egfr_egfr_c.pdf>
Package pdftex.def Info: generated_pictures/egfr_egfr_c.pdf used on input line 
1472.
(pdftex.def)             Requested size: 210.78699pt x 67.25107pt.
File: generated_pictures/egfr_egfr_r.pdf Graphic file (type pdf)

<use generated_pictures/egfr_egfr_r.pdf>
Package pdftex.def Info: generated_pictures/egfr_egfr_r.pdf used on input line 
1472.
(pdftex.def)             Requested size: 210.78699pt x 67.25107pt.
File: generated_pictures/egfr_egfr_n.pdf Graphic file (type pdf)

<use generated_pictures/egfr_egfr_n.pdf>
Package pdftex.def Info: generated_pictures/egfr_egfr_n.pdf used on input line 
1472.
(pdftex.def)             Requested size: 210.78699pt x 67.25107pt.
File: generated_pictures/egfr_egf.pdf Graphic file (type pdf)
 <use generated_pictures/egfr_egf.pdf>
Package pdftex.def Info: generated_pictures/egfr_egf.pdf used on input line 147
2.
(pdftex.def)             Requested size: 203.76074pt x 67.25107pt.
File: generated_pictures/egfr_shc.pdf Graphic file (type pdf)

<use generated_pictures/egfr_shc.pdf>
Package pdftex.def Info: generated_pictures/egfr_shc.pdf used on input line 147
2.
(pdftex.def)             Requested size: 210.78699pt x 67.25107pt.
File: generated_pictures/egfr_grb2.pdf Graphic file (type pdf)
 <use generated_pictures/egfr_grb2.pdf>
Package pdftex.def Info: generated_pictures/egfr_grb2.pdf used on input line 14
72.
(pdftex.def)             Requested size: 210.78699pt x 67.25107pt.
File: generated_pictures/shc_grb2.pdf Graphic file (type pdf)

<use generated_pictures/shc_grb2.pdf>
Package pdftex.def Info: generated_pictures/shc_grb2.pdf used on input line 147
2.
(pdftex.def)             Requested size: 210.78699pt x 54.20236pt.
File: generated_pictures/grb2_sos.pdf Graphic file (type pdf)
 <use generated_pictures/grb2_sos.pdf>
Package pdftex.def Info: generated_pictures/grb2_sos.pdf used on input line 147
2.
(pdftex.def)             Requested size: 210.78699pt x 54.20236pt.

1176>
Overfull \hbox (16.32947pt too wide) in paragraph at lines 1409--1474
[][][][] 
 []


Underfull \hbox (badness 10000) in paragraph at lines 1479--1482
[]\OT1/cmr/m/it/10.95 In
 []

[21] (./polymers.bbl [22]) [23]
Package atveryend Info: Empty hook `BeforeClearDocument' on input line 1507.
Package atveryend Info: Empty hook `AfterLastShipout' on input line 1507.
 (./polymers.aux)
Package atveryend Info: Empty hook `AtVeryEndDocument' on input line 1507.
Package atveryend Info: Executing hook `AtEndAfterFileList' on input line 1507.

Package rerunfilecheck Info: File `polymers.out' has not changed.
(rerunfilecheck)             Checksum: 3D39FB958D83B3EEF02AB21FEECE29B2;1261.
Package atveryend Info: Empty hook `AtVeryVeryEnd' on input line 1507.
 ) 
Here is how much of TeX's memory you used:
 10788 strings out of 493117
 151421 string characters out of 6135433
 328278 words of memory out of 5000000
 13823 multiletter control sequences out of 15000+600000
 20361 words of font info for 84 fonts, out of 8000000 for 9000
 1141 hyphenation exceptions out of 8191
 36i,23n,35p,1447b,1071s stack positions out of 5000i,500n,10000p,200000b,80000s
</usr/local/texlive/2014/texmf-dist/fonts/type1/public/amsfonts/cm/cmbx10.pfb
></usr/local/texlive/2014/texmf-dist/fonts/type1/public/amsfonts/cm/cmbx12.pfb>
</usr/local/texlive/2014/texmf-dist/fonts/type1/public/amsfonts/cm/cmbx8.pfb></
usr/local/texlive/2014/texmf-dist/fonts/type1/public/amsfonts/cm/cmcsc10.pfb></
usr/local/texlive/2014/texmf-dist/fonts/type1/public/amsfonts/cm/cmex10.pfb></u
sr/local/texlive/2014/texmf-dist/fonts/type1/public/amsfonts/cm/cmmi10.pfb></us
r/local/texlive/2014/texmf-dist/fonts/type1/public/amsfonts/cm/cmmi8.pfb></usr/
local/texlive/2014/texmf-dist/fonts/type1/public/amsfonts/cm/cmr10.pfb></usr/lo
cal/texlive/2014/texmf-dist/fonts/type1/public/amsfonts/cm/cmr12.pfb></usr/loca
l/texlive/2014/texmf-dist/fonts/type1/public/amsfonts/cm/cmr6.pfb></usr/local/t
exlive/2014/texmf-dist/fonts/type1/public/amsfonts/cm/cmr8.pfb></usr/local/texl
ive/2014/texmf-dist/fonts/type1/public/amsfonts/cm/cmsl10.pfb></usr/local/texli
ve/2014/texmf-dist/fonts/type1/public/amsfonts/cm/cmsy10.pfb></usr/local/texliv
e/2014/texmf-dist/fonts/type1/public/amsfonts/cm/cmsy6.pfb></usr/local/texlive/
2014/texmf-dist/fonts/type1/public/amsfonts/cm/cmsy8.pfb></usr/local/texlive/20
14/texmf-dist/fonts/type1/public/amsfonts/cm/cmti10.pfb></usr/local/texlive/201
4/texmf-dist/fonts/type1/public/amsfonts/cm/cmti7.pfb></usr/local/texlive/2014/
texmf-dist/fonts/type1/public/amsfonts/cm/cmti8.pfb></usr/local/texlive/2014/te
xmf-dist/fonts/type1/public/amsfonts/cm/cmtt8.pfb></usr/local/texlive/2014/texm
f-dist/fonts/type1/public/stmaryrd/stmary10.pfb></usr/local/texlive/2014/texmf-
dist/fonts/type1/public/xypic/xyatip10.pfb></usr/local/texlive/2014/texmf-dist/
fonts/type1/public/xypic/xybtip10.pfb>
Output written on polymers.pdf (23 pages, 496530 bytes).
PDF statistics:
 1074 PDF objects out of 1200 (max. 8388607)
 834 compressed objects within 9 object streams
 198 named destinations out of 1000 (max. 500000)
 513 words of extra memory for PDF output out of 10000 (max. 10000000)

